     AASI00GRL Site Information Form (site log)
     International GNSS Service
     See Instructions at:
       https://files.igs.org/pub/station/general/sitelog_instr.txt


0.   Form

     Prepared by (full name)  : SDFI GNSS Team (gnss@sdfi.dk)
     Date Prepared            : 2023-08-21
     Report Type              : UPDATE
     If Update:
      Previous Site Log       : aasi00grl_20230515.log
      Modified/Added Sections : 3.16, 4.1


1.   Site Identification of the GNSS Monument

     Site Name                : Aasiaat
     Four Character ID        : AASI
     Monument Inscription     : 
     IERS DOMES Number        : 43010M001
     CDP Number               : (A4)
     Monument Description     : 0.2702 m base plate on steel rods
       Height of the Monument : 0.27 m
       Monument Foundation    : steel rods
       Foundation Depth       : 0.30 m
     Marker Description       : steel bolt
     Date Installed           : 2005-09-28T00:00Z
     Geologic Characteristic  : bedrock
       Bedrock Type           : (IGNEOUS/METAMORPHIC/SEDIMENTARY)
       Bedrock Condition      : (FRESH/JOINTED/WEATHERED)
       Fracture Spacing       : (0 cm/1-10 cm/11-50 cm/51-200 cm/over 200 cm)
       Fault zones nearby     : (YES/NO/Name of the zone)
         Distance/activity    : (multiple lines)
     Additional Information   : (multiple lines)


2.   Site Location Information

     City or Town             : Aasiaat
     State or Province        : N/A
     Country                  : Greenland
     Tectonic Plate           : NORTH AMERICAN
     Approximate Position (ITRF)
       X coordinate (m)       : 1403876.190
       Y coordinate (m)       : -1849092.729
       Z coordinate (m)       : 5920733.642
       Latitude (N is +)      : +684309.54
       Longitude (E is +)     : -0524736.05
       Elevation (m,ellips.)  : 56.4
     Additional Information   : 24 hrs NRCan Rapid solution ITRF14 2020-10-09


3.   GNSS Receiver Information

3.1  Receiver Type            : LEICA GRX1200PRO
     Satellite System         : GPS
     Serial Number            : 459340
     Firmware Version         : 2.14
     Elevation Cutoff Setting : 10 deg
     Date Installed           : 2005-09-28T00:00Z
     Date Removed             : 2006-02-02T13:30Z
     Temperature Stabiliz.    : none
     Additional Information   : 30s

3.2  Receiver Type            : LEICA GRX1200PRO
     Satellite System         : GPS
     Serial Number            : 459351
     Firmware Version         : 3.00
     Elevation Cutoff Setting : 10 deg
     Date Installed           : 2006-02-02T17:00Z
     Date Removed             : 2008-11-13T22:00Z
     Temperature Stabiliz.    : none
     Additional Information   : 30s

3.3  Receiver Type            : LEICA GRX1200PRO
     Satellite System         : GPS
     Serial Number            : 459351
     Firmware Version         : 6.00
     Elevation Cutoff Setting : 10 deg
     Date Installed           : 2009-01-07T12:10Z
     Date Removed             : 2009-07-10T23:59Z
     Temperature Stabiliz.    : none
     Additional Information   : 30s

3.4  Receiver Type            : LEICA GRX1200PRO
     Satellite System         : GPS
     Serial Number            : 459351
     Firmware Version         : 7.53
     Elevation Cutoff Setting : 10 deg
     Date Installed           : 2009-07-11T00:00Z
     Date Removed             : 2010-03-25T13:00Z
     Temperature Stabiliz.    : none
     Additional Information   : 15s, 30s

3.5  Receiver Type            : LEICA GRX1200PRO
     Satellite System         : GPS
     Serial Number            : 459351
     Firmware Version         : 7.80
     Elevation Cutoff Setting : 10 deg
     Date Installed           : 2010-03-28T08:44Z
     Date Removed             : 2010-04-14T23:59Z
     Temperature Stabiliz.    : none
     Additional Information   : 15s

3.6  Receiver Type            : LEICA GRX1200PRO
     Satellite System         : GPS
     Serial Number            : 459351
     Firmware Version         : 7.81
     Elevation Cutoff Setting : 10 deg
     Date Installed           : 2010-04-15T00:00Z
     Date Removed             : 2011-07-14T23:59Z
     Temperature Stabiliz.    : none
     Additional Information   : 15s

3.7  Receiver Type            : LEICA GRX1200PRO
     Satellite System         : GPS
     Serial Number            : 459351
     Firmware Version         : 8.20
     Elevation Cutoff Setting : 10 deg
     Date Installed           : 2011-07-15T00:00Z
     Date Removed             : 2012-03-29T23:59Z
     Temperature Stabiliz.    : none
     Additional Information   : (multiple lines)

3.8  Receiver Type            : LEICA GRX1200PRO
     Satellite System         : GPS
     Serial Number            : 459351
     Firmware Version         : 8.51
     Elevation Cutoff Setting : 10 deg
     Date Installed           : 2012-03-30T00:00Z
     Date Removed             : 2013-05-30T23:59Z
     Temperature Stabiliz.    : none
     Additional Information   : (multiple lines)

3.9  Receiver Type            : LEICA GRX1200PRO
     Satellite System         : GPS
     Serial Number            : 459351
     Firmware Version         : 8.71
     Elevation Cutoff Setting : 10 deg
     Date Installed           : 2013-05-31T00:00Z
     Date Removed             : 2016-10-07T07:47Z
     Temperature Stabiliz.    : none
     Additional Information   : (multiple lines)

3.10 Receiver Type            : LEICA GRX1200PRO
     Satellite System         : GPS
     Serial Number            : 459351
     Firmware Version         : 9.20
     Elevation Cutoff Setting : 10 deg
     Date Installed           : 2016-10-09T05:19Z
     Date Removed             : 2019-08-29T14:04Z
     Temperature Stabiliz.    : none
     Additional Information   : (multiple lines)

3.11 Receiver Type            : SEPT POLARX5
     Satellite System         : GPS+GLO+GAL+BDS+QZSS+SBAS
     Serial Number            : 3048295
     Firmware Version         : 5.2.0
     Elevation Cutoff Setting : 0 deg
     Date Installed           : 2019-08-30T00:00Z
     Date Removed             : 2020-02-05T15:00Z
     Temperature Stabiliz.    : none
     Additional Information   : 1Hz

3.12 Receiver Type            : SEPT POLARX5
     Satellite System         : GPS+GLO+GAL+BDS+QZSS+SBAS
     Serial Number            : 3048295
     Firmware Version         : 5.3.2
     Elevation Cutoff Setting : 0 deg
     Date Installed           : 2020-02-05T16:00Z
     Date Removed             : 2020-10-02T09:00Z
     Temperature Stabiliz.    : none
     Additional Information   : 1Hz

3.13 Receiver Type            : SEPT POLARX5
     Satellite System         : GPS+GLO+GAL+BDS+QZSS
     Serial Number            : 3048295
     Firmware Version         : 5.3.2
     Elevation Cutoff Setting : 0 deg
     Date Installed           : 2020-10-02T09:15Z
     Date Removed             : 2021-01-11T22:00Z
     Temperature Stabiliz.    : none
     Additional Information   : 1Hz

3.14 Receiver Type            : SEPT POLARX5
     Satellite System         : GPS+GLO+GAL+BDS+QZSS
     Serial Number            : 3048295
     Firmware Version         : 5.4.0
     Elevation Cutoff Setting : 0 deg
     Date Installed           : 2021-01-11T22:00Z
     Date Removed             : 2021-07-18T14:30Z
     Temperature Stabiliz.    : none
     Additional Information   : 1Hz

3.15 Receiver Type            : SEPT POLARX5
     Satellite System         : GPS+GLO+GAL+BDS+QZSS
     Serial Number            : 3048295
     Firmware Version         : 5.4.0-patch1
     Elevation Cutoff Setting : 0 deg
     Date Installed           : 2021-07-18T14:30Z
     Date Removed             : 2022-09-06T19:22Z
     Temperature Stabiliz.    : none
     Additional Information   : 1Hz

3.16 Receiver Type            : SEPT POLARX5
     Satellite System         : GPS+GLO+GAL+BDS+QZSS
     Serial Number            : 3048295
     Firmware Version         : 5.5.0
     Elevation Cutoff Setting : 0 deg
     Date Installed           : 2022-09-06T19:22Z
     Date Removed             : 2023-08-21T14:00Z
     Temperature Stabiliz.    : none
     Additional Information   : (multiple lines)

3.x  Receiver Type            : (A20, from rcvr_ant.tab; see instructions)
     Satellite System         : (GPS+GLO+GAL+BDS+QZSS+IRNSS+SBAS)
     Serial Number            : (A20, but note the first A5 is used in SINEX)
     Firmware Version         : (A11)
     Elevation Cutoff Setting : (deg)
     Date Installed           : (CCYY-MM-DDThh:mmZ)
     Date Removed             : (CCYY-MM-DDThh:mmZ)
     Temperature Stabiliz.    : (none or tolerance in degrees C)
     Additional Information   : (multiple lines)


4.   GNSS Antenna Information

4.1  Antenna Type             : LEIAT504        LEIS
     Serial Number            : 1288
     Antenna Reference Point  : BPA
     Marker->ARP Up Ecc. (m)  :   0.2702
     Marker->ARP North Ecc(m) :   0.0000
     Marker->ARP East Ecc(m)  :   0.0000
     Alignment from True N    : 0 deg
     Antenna Radome Type      : LEIS
     Radome Serial Number     : 
     Antenna Cable Type       : SUHNER SUCOFEED 3/8" HF-FR-UL CMR-FT4 10AWG75
     Antenna Cable Length     : 30 m
     Date Installed           : 2005-09-28T00:00Z
     Date Removed             : 2023-08-21T14:00Z
     Additional Information   : (multiple lines)

4.x  Antenna Type             : (A20, from rcvr_ant.tab; see instructions)
     Serial Number            : (A*, but note the first A5 is used in SINEX)
     Antenna Reference Point  : (BPA/BCR/XXX from "antenna.gra"; see instr.)
     Marker->ARP Up Ecc. (m)  : (F8.4)
     Marker->ARP North Ecc(m) : (F8.4)
     Marker->ARP East Ecc(m)  : (F8.4)
     Alignment from True N    : (deg; + is clockwise/east)
     Antenna Radome Type      : (A4 from rcvr_ant.tab; see instructions)
     Radome Serial Number     : 
     Antenna Cable Type       : (vendor & type number)
     Antenna Cable Length     : (m)
     Date Installed           : (CCYY-MM-DDThh:mmZ)
     Date Removed             : (CCYY-MM-DDThh:mmZ)
     Additional Information   : (multiple lines)


5.   Surveyed Local Ties

5.x  Tied Marker Name         : 
     Tied Marker Usage        : (SLR/VLBI/LOCAL CONTROL/FOOTPRINT/etc)
     Tied Marker CDP Number   : (A4)
     Tied Marker DOMES Number : (A9)
     Differential Components from GNSS Marker to the tied monument (ITRS)
       dx (m)                 : (m)
       dy (m)                 : (m)
       dz (m)                 : (m)
     Accuracy (mm)            : (mm)
     Survey method            : (GPS CAMPAIGN/TRILATERATION/TRIANGULATION/etc)
     Date Measured            : (CCYY-MM-DDThh:mmZ)
     Additional Information   : (multiple lines)


6.   Frequency Standard

6.1  Standard Type            : INTERNAL
       Input Frequency        : (if external)
       Effective Dates        : 2005-09-28/CCYY-MM-DD
       Notes                  : (multiple lines)

6.x  Standard Type            : (INTERNAL or EXTERNAL H-MASER/CESIUM/etc)
       Input Frequency        : (if external)
       Effective Dates        : (CCYY-MM-DD/CCYY-MM-DD)
       Notes                  : (multiple lines)


7.   Collocation Information

7.x  Instrumentation Type     : (GPS/GLONASS/DORIS/PRARE/SLR/VLBI/TIME/etc)
       Status                 : (PERMANENT/MOBILE)
       Effective Dates        : (CCYY-MM-DD/CCYY-MM-DD)
       Notes                  : (multiple lines)


8.   Meteorological Instrumentation

8.1.x  Humidity Sensor Model  : 
       Manufacturer           : 
       Serial Number          : 
       Data Sampling Interval : (sec)
       Accuracy (% rel h)     : (% rel h)
       Aspiration             : (UNASPIRATED/NATURAL/FAN/etc)
       Height Diff to Ant     : (m)
       Calibration date       : (CCYY-MM-DD)
       Effective Dates        : (CCYY-MM-DD/CCYY-MM-DD)
       Notes                  : (multiple lines)

8.2.x  Pressure Sensor Model  : 
       Manufacturer           : 
       Serial Number          : 
       Data Sampling Interval : (sec)
       Accuracy               : (hPa)
       Height Diff to Ant     : (m)
       Calibration date       : (CCYY-MM-DD)
       Effective Dates        : (CCYY-MM-DD/CCYY-MM-DD)
       Notes                  : (multiple lines)

8.3.x  Temp. Sensor Model     : 
       Manufacturer           : 
       Serial Number          : 
       Data Sampling Interval : (sec)
       Accuracy               : (deg C)
       Aspiration             : (UNASPIRATED/NATURAL/FAN/etc)
       Height Diff to Ant     : (m)
       Calibration date       : (CCYY-MM-DD)
       Effective Dates        : (CCYY-MM-DD/CCYY-MM-DD)
       Notes                  : (multiple lines)

8.4.x  Water Vapor Radiometer : 
       Manufacturer           : 
       Serial Number          : 
       Distance to Antenna    : (m)
       Height Diff to Ant     : (m)
       Calibration date       : (CCYY-MM-DD)
       Effective Dates        : (CCYY-MM-DD/CCYY-MM-DD)
       Notes                  : (multiple lines)

8.5.x  Other Instrumentation  : (multiple lines)


9.   Local Ongoing Conditions Possibly Affecting Computed Position

9.1.x  Radio Interferences    : (TV/CELL PHONE ANTENNA/RADAR/etc)
       Observed Degradations  : (SN RATIO/DATA GAPS/etc)
       Effective Dates        : (CCYY-MM-DD/CCYY-MM-DD)
       Additional Information : (multiple lines)

9.2.x  Multipath Sources      : (METAL ROOF/DOME/VLBI ANTENNA/etc)
       Effective Dates        : (CCYY-MM-DD/CCYY-MM-DD)
       Additional Information : (multiple lines)

9.3.x  Signal Obstructions    : (TREES/BUILDINGS/etc)
       Effective Dates        : (CCYY-MM-DD/CCYY-MM-DD)
       Additional Information : (multiple lines)


10.  Local Episodic Effects Possibly Affecting Data Quality

10.x  Date                    : (CCYY-MM-DD/CCYY-MM-DD)
      Event                   : (TREE CLEARING/CONSTRUCTION/etc)


11.  On-Site, Point of Contact Agency Information

     Agency                   : National Space Institute
                              : Technical University of Denmark
     Preferred Abbreviation   : DTU Space
     Mailing Address          : Elektrovej Building 328
                              : Denmark DK-2800 Kongens Lyngby
                              : Denmark
     Primary Contact
       Contact Name           : DTU Space GNSS Team
       Telephone (primary)    : +45 45 25 95 00
       Telephone (secondary)  : 
       Fax                    : 
       E-mail                 : dtuspace-gnss@space.dtu.dk
     Secondary Contact
       Contact Name           : 
       Telephone (primary)    : 
       Telephone (secondary)  : 
       Fax                    : 
       E-mail                 : 
     Additional Information   : (multiple lines)


12.  Responsible Agency (if different from 11.)

     Agency                   : Agency for Data Supply and Infrastructure
     Preferred Abbreviation   : SDFI
     Mailing Address          : Rentemestervej 8
                              : DK-2400 Copenhagen NV
                              : Denmark
     Primary Contact
       Contact Name           : SDFI GNSS Team
       Telephone (primary)    : 
       Telephone (secondary)  : 
       Fax                    : 
       E-mail                 : gnss@sdfi.dk
     Secondary Contact
       Contact Name           : 
       Telephone (primary)    : 
       Telephone (secondary)  : 
       Fax                    : 
       E-mail                 : 
     Additional Information   : (multiple lines)


13.  More Information

     Primary Data Center      : Agency for Data Supply and Infrastructure (SDFI)
     Secondary Data Center    : 
     URL for More Information : 
     Hardcopy on File
       Site Map               : (Y or URL)
       Site Diagram           : (Y)
       Horizon Mask           : (Y)
       Monument Description   : (Y)
       Site Pictures          : (Y)
     Additional Information   : (multiple lines)
     Antenna Graphics with Dimensions

LEIAT504

                         +-------+                          <-- 0.1393
                       /     +     \                        <-- 0.1282 L2
                      |      +      |                       <-- 0.1093 L1
    +-----------------+-------------+------------------+    <-- 0.1012 TCR
    |                                                  |
    |                                                  |
    |                                                  |
    |                                                  |
  +-+--------------------------------------------------+-+  
  +-------------------+-------------+--------------------+  <-- 0.0345 BCR
                      |             |
                      |             |
                      +------x------+                       <-- 0.000  BPA=ARP

  <--                      0.3794                      -->

   ARP: Antenna Reference Point
   L1 : L1 Phase Center                   L2 : L2 Phase Center
   TCR: Top of Chokering                  BCR: Bottom of Chokering
   TGP: Top of Ground Plane               BGP: Bottom of Ground Plane
   TPA: Top of Preamplifier               BPA: Bottom of Preamplifier
   TOP: Top of Pole                        

All dimensions are in meters.
