     KMS300DNK Site Information Form (site log)
     International GNSS Service
     See Instructions at:
       https://files.igscb.org/pub/station/general/sitelog_instr.txt

0.   Form

     Prepared by (full name)  : SDFI GNSS Team
     Date Prepared            : 2023-10-23  
     Report Type              : update
     If Update                : 
      Previous Site Log       : KMS3_20230815
      Modified/Added Sections : 3.1, 3.2, 3.3, 3.4


1.   Site Identification of the GNSS Monument

     Site Name                : KMS3-SDFI
     Four Character ID        : KMS3
     Monument Inscription     : 
     IERS DOMES Number        : 
     CDP Number               : (A4)
     Monument Description     : 1,8 m circular steel bar  
                                mounted on side of building on roof top officebuilding
       Height of the Monument : 
       Monument Foundation    : On side of a Building.
       Foundation Depth       : (m)
     Marker Description       : (CHISELLED CROSS/DIVOT/BRASS NAIL/etc)
     Date Installed           : 2004-01-01
     Geologic Characteristic  : 
       Bedrock Type           : (IGNEOUS/METAMORPHIC/SEDIMENTARY)
       Bedrock Condition      : (FRESH/JOINTED/WEATHERED)
       Fracture Spacing       : (1-10 cm/11-50 cm/51-200 cm/over 200 cm)
       Fault zones nearby     : (YES/NO/Name of the zone)
         Distance/activity    : (multiple lines)
     Additional Information   : Station decommissioned


2.   Site Location Information

     City or Town             : Copenhagen
     State or Province        : Sealand
     Country                  : Denmark
     Tectonic Plate           : 
     Approximate Position (ITRF)
       X coordinate (m)       : 3516213.438 
       Y coordinate (m)       : 781859.859
       Z coordinate (m)       : 5246037.966
       Latitude (N is +)      : +554216.82
       Longitude (E is +)     : +123210.49
       Elevation (m,ellips.)  : 64.3
     Additional Information   : ETRS89 coordinates (Danish realization).
                              : The ETRS89 coordinates originates from a 7 day 
                              : IGb08 solution at the epoch 2015-10-30.
                                


3.   GNSS Receiver Information

3.1  Receiver Type            : JPS LEGACY
     Satellite System         : GPS
     Serial Number            : MT302234127
     Firmware Version         : 2.3 Aug,01,2003 p2 
     Elevation Cutoff Setting : 0
     Date Installed           : 2004-01-01T00:00Z
     Date Removed             : 2008-05-26T11:00Z
     Temperature Stabiliz.    : none
     Additional Information   : 
     
3.2  Receiver Type            : LEICA GRX1200GGPRO
     Satellite System         : GPS
     Serial Number            : 352270
     Firmware Version         : 7.50
     Elevation Cutoff Setting : 0
     Date Installed           : 2008-05-26T11:00Z
     Date Removed             : 2011-07-14T10:30
     Temperature Stabiliz.    : none
     Additional Information   : 

3.3  Receiver Type            : LEICA GRX1200GGPRO
     Satellite System         : GPS
     Serial Number            : 352270
     Firmware Version         : 8.20
     Elevation Cutoff Setting : 0
     Date Installed           : 2011-07-14T10:30
     Date Removed             : 2014-06-18T11:25Z
     Temperature Stabiliz.    : none
     Additional Information   : New ME V 3.053.S1 

3.4  Receiver Type            : LEICA GRX1200GGPRO 
     Satellite System         : GPS
     Serial Number            : 352270
     Firmware Version         : 8.71
     Elevation Cutoff Setting : 0
     Date Installed           : 2014-06-18T11:25Z
     Date Removed             : 2015-01-20T14:49Z
     Temperature Stabiliz.    : none
     Additional Information   :  

3.5  Receiver Type            : TRIMBLE NETR9 
     Satellite System         : GPS+GLONASS
     Serial Number            : 5039K70984
     Firmware Version         : 4.81
     Elevation Cutoff Setting : 0
     Date Installed           : 2015-01-21T13:05Z
     Date Removed             : 2015-07-03T08:15Z
     Temperature Stabiliz.    : none
     Additional Information   :  

3.6  Receiver Type            : TRIMBLE NETR9 
     Satellite System         : GPS+GLONASS
     Serial Number            : 5039K70984
     Firmware Version         : 5.03
     Elevation Cutoff Setting : 0
     Date Installed           : 2015-07-03T08:30Z
     Date Removed             : 2015-11-24T09:10Z
     Temperature Stabiliz.    : none
     Additional Information   :  

3.7  Receiver Type            : TRIMBLE NETR9 
     Satellite System         : GPS+GLONASS
     Serial Number            : 5039K70984
     Firmware Version         : 5.10
     Elevation Cutoff Setting : 0
     Date Installed           : 2015-11-24T09:10Z
     Date Removed             : 2017-06-28T12:14Z
     Temperature Stabiliz.    : none
     Additional Information   :  

3.8  Receiver Type            : TRIMBLE NETR9 
     Satellite System         : GPS+GLONASS
     Serial Number            : 5039K70984
     Firmware Version         : 5.22
     Elevation Cutoff Setting : 0
     Date Installed           : 2017-06-28T12:20Z
     Date Removed             : 2019-08-12T00:20Z
     Temperature Stabiliz.    : none
     Additional Information   :  

3.9  Receiver Type            : TRIMBLE NETR9 
     Satellite System         : GPS+GLONASS
     Serial Number            : 5039K70984
     Firmware Version         : 5.42
     Elevation Cutoff Setting : 0
     Date Installed           : 2019-08-12T27:20Z
     Date Removed             : 2020-09-11T11:19Z
     Temperature Stabiliz.    : none
     Additional Information   :  

3.10 Receiver Type            : TRIMBLE NETR9 
     Satellite System         : GPS+GLO+GAL+BDS+QZSS
     Serial Number            : 5039K70984
     Firmware Version         : 5.48
     Elevation Cutoff Setting : 0
     Date Installed           : 2020-09-11T11:52Z
     Date Removed             : 2022-02-17T09:00Z
     Temperature Stabiliz.    : none
     Additional Information   :  

3.11 Receiver Type            : SEPT POLARX5 
     Satellite System         : GPS+GLO+GAL+BDS+QZSS+IRNSS
     Serial Number            : 3079701
     Firmware Version         : 5.4.0-patch1
     Elevation Cutoff Setting : 0
     Date Installed           : 2022-02-17T10:00Z
     Date Removed             : 2022-10-21T12:37Z
     Temperature Stabiliz.    : none
     Additional Information   :  

3.12 Receiver Type            : SEPT POLARX5 
     Satellite System         : GPS+GLO+GAL+BDS+QZSS+IRNSS
     Serial Number            : 3079701
     Firmware Version         : 5.5.0
     Elevation Cutoff Setting : 0
     Date Installed           : 2022-10-21T12:41Z
     Date Removed             : 2023-08-15T08:00Z
     Temperature Stabiliz.    : none
     Additional Information   :  


3.x  Receiver Type            : (A20, from rcvr_ant.tab; see instructions)
     Satellite System         : (GPS/GLONASS/GPS+GLONASS)
     Serial Number            : (A20, but note the first A5 is used in SINEX)
     Firmware Version         : (A11)
     Elevation Cutoff Setting : (deg)
     Date Installed           : (CCYY-MM-DDThh:mmZ)
     Date Removed             : (CCYY-MM-DDThh:mmZ)
     Temperature Stabiliz.    : (none or tolerance in degrees C)
     Additional Information   : (multiple lines)


4.   GNSS Antenna Information

4.1  Antenna Type             : ASH701941.B     NONE   
     Serial Number            : 12374
     Antenna Reference Point  : BPA
     Marker->ARP Up Ecc. (m)  :    0.000
     Marker->ARP North Ecc(m) :    0.000
     Marker->ARP East Ecc(m)  :    0.000
     Alignment from True N    : 0 deg
     Antenna Radome Type      : NONE
     Radome Serial Number     : 
     Antenna Cable Type       : RG213
     Antenna Cable Length     : 30 m
     Date Installed           : 2004-01-01T00:00Z
     Date Removed             : 2015-10-20T08:00Z
     Additional Information   : (multiple lines)

4.2  Antenna Type             : ASH701945E_M    NONE  
     Serial Number            : CR6200520017
     Antenna Reference Point  : BPA
     Marker->ARP Up Ecc. (m)  :     0.0000
     Marker->ARP North Ecc(m) :     0.0000
     Marker->ARP East Ecc(m)  :     0.0000
     Alignment from True N    : 0 deg
     Antenna Radome Type      : NONE
     Radome Serial Number     : 
     Antenna Cable Type       : RG58
     Antenna Cable Length     : 3 m
     Date Installed           : 2015-10-20T10:00Z
     Date Removed             : 2023-08-15T08:00Z
     Additional Information   : (multiple lines)

4.x  Antenna Type             : (A20, from rcvr_ant.tab; see instructions)
     Serial Number            : (A*, but note the first A5 is used in SINEX)
     Antenna Reference Point  : (BPA/BCR/XXX from "antenna.gra"; see instr.)
     Marker->ARP Up Ecc. (m)  : (F8.4)
     Marker->ARP North Ecc(m) : (F8.4)
     Marker->ARP East Ecc(m)  : (F8.4)
     Alignment from True N    : (deg; + is clockwise/east)
     Antenna Radome Type      : (A4 from rcvr_ant.tab; see instructions)
     Radome Serial Number     : 
     Antenna Cable Type       : (vendor & type number)
     Antenna Cable Length     : (m)
     Date Installed           : (CCYY-MM-DDThh:mmZ)
     Date Removed             : (CCYY-MM-DDThh:mmZ)
     Additional Information   : (multiple lines)


5.   Surveyed Local Ties

5.x  Tied Marker Name         : 
     Tied Marker Usage        : (SLR/VLBI/LOCAL CONTROL/FOOTPRINT/etc)
     Tied Marker CDP Number   : (A4)
     Tied Marker DOMES Number : (A9)
     Differential Components from GNSS Marker to the tied monument (ITRS)
       dx (m)                 : (m)
       dy (m)                 : (m)
       dz (m)                 : (m)
     Accuracy (mm)            : (mm)
     Survey method            : (GPS CAMPAIGN/TRILATERATION/TRIANGULATION/etc)
     Date Measured            : (CCYY-MM-DDThh:mmZ)
     Additional Information   : (multiple lines)


6.   Frequency Standard

6.x  Standard Type            : (INTERNAL or EXTERNAL H-MASER/CESIUM/etc)
       Input Frequency        : (if external)
       Effective Dates        : (CCYY-MM-DD/CCYY-MM-DD)
       Notes                  : (multiple lines)


7.   Collocation Information

7.x  Instrumentation Type     : (GPS/GLONASS/DORIS/PRARE/SLR/VLBI/TIME/etc)
       Status                 : (PERMANENT/MOBILE)
       Effective Dates        : (CCYY-MM-DD/CCYY-MM-DD)
       Notes                  : (multiple lines)


8.   Meteorological Instrumentation

8.1.x  Humidity Sensor Model  : 
       Manufacturer           : 
       Serial Number          : 
       Data Sampling Interval : (sec)
       Accuracy (% rel h)     : (% rel h)
       Aspiration             : (UNASPIRATED/NATURAL/FAN/etc)
       Height Diff to Ant     : (m)
       Calibration date       : (CCYY-MM-DD)
       Effective Dates        : (CCYY-MM-DD/CCYY-MM-DD)
       Notes                  : (multiple lines)

8.2.x  Pressure Sensor Model  : 
       Manufacturer           : 
       Serial Number          : 
       Data Sampling Interval : (sec)
       Accuracy               : (hPa)
       Height Diff to Ant     : (m)
       Calibration date       : (CCYY-MM-DD)
       Effective Dates        : (CCYY-MM-DD/CCYY-MM-DD)
       Notes                  : (multiple lines)

8.3.x  Temp. Sensor Model     : 
       Manufacturer           : 
       Serial Number          : 
       Data Sampling Interval : (sec)
       Accuracy               : (deg C)
       Aspiration             : (UNASPIRATED/NATURAL/FAN/etc)
       Height Diff to Ant     : (m)
       Calibration date       : (CCYY-MM-DD)
       Effective Dates        : (CCYY-MM-DD/CCYY-MM-DD)
       Notes                  : (multiple lines)

8.4.x  Water Vapor Radiometer : 
       Manufacturer           : 
       Serial Number          : 
       Distance to Antenna    : (m)
       Height Diff to Ant     : (m)
       Calibration date       : (CCYY-MM-DD)
       Effective Dates        : (CCYY-MM-DD/CCYY-MM-DD)
       Notes                  : (multiple lines)

8.5.x  Other Instrumentation  : (multiple lines)


9.   Local Ongoing Conditions Possibly Affecting Computed Position

9.1.x  Radio Interferences    : (TV/CELL PHONE ANTENNA/RADAR/etc)
       Observed Degradations  : (SN RATIO/DATA GAPS/etc)
       Effective Dates        : (CCYY-MM-DD/CCYY-MM-DD)
       Additional Information : (multiple lines)

9.2.x  Multipath Sources      : (METAL ROOF/DOME/VLBI ANTENNA/etc)
       Effective Dates        : (CCYY-MM-DD/CCYY-MM-DD)
       Additional Information : (multiple lines)

9.3.x  Signal Obstructions    : (TREES/BUILDINGS/etc)
       Effective Dates        : (CCYY-MM-DD/CCYY-MM-DD)
       Additional Information : (multiple lines)


10.  Local Episodic Effects Possibly Affecting Data Quality

10.x  Date                    : (CCYY-MM-DD/CCYY-MM-DD)
      Event                   : (TREE CLEARING/CONSTRUCTION/etc)


11.  On-Site, Point of Contact Agency Information

     Agency                   : Agency for Data Supply and Infrastructure
     Preferred Abbreviation   : SDFI
     Mailing Address          : Rentemestervej 8
                              : DK-2400 Copenhagen NV
                              : Denmark
     Primary Contact
       Contact Name           : SDFI GNSS Team
       Telephone (primary)    : 
       Telephone (secondary)  : 
       Fax                    : 
       E-mail                 : gnss@sdfi.dk
     Secondary Contact
       Contact Name           : 
       Telephone (primary)    : 
       Telephone (secondary)  : 
       Fax                    : 
       E-mail                 : 
     Additional Information   : (multiple lines)




12.  Responsible Agency (if different from 11.)

     Agency                   : (multiple lines)
     Preferred Abbreviation   : (A10)
     Mailing Address          : (multiple lines)
     Primary Contact
       Contact Name           : 
       Telephone (primary)    : 
       Telephone (secondary)  : 
       Fax                    : 
       E-mail                 : 
     Secondary Contact
       Contact Name           : 
       Telephone (primary)    : 
       Telephone (secondary)  : 
       Fax                    : 
       E-mail                 : 
     Additional Information   : (multiple lines)


13.  More Information

     Primary Data Center      :
     Secondary Data Center    :
     URL for More Information : 
     Hardcopy on File
       Site Map               : (Y or URL)
       Site Diagram           : (Y or URL)
       Horizon Mask           : (Y or URL)
       Monument Description   : (Y or URL)
       Site Pictures          : (Y or URL)
     Additional Information   : (multiple lines)
     Antenna Graphics with Dimensions


ASH701941.1
ASH701941.2
ASH701941.A
ASH701941.B
                        +---------+
                       /     +     \                        <--  0.1267 L2

                      |      +      |                       <--  0.1080 L1

    +-----------------+-------------+------------------+    <--  0.1008 TCR




  +-+--------------------------------------------------+-+  <--  0.0378
  +-------------------+-------------+--------------------+  <--  0.0348 BCR


                      +------x------+                       <--  0.0000
 BPA=ARP

  <--                      0.3794                      -->




