     TEJH00DNK Site Information Form (site log)
     International GNSS Service
     See Instructions at:
       https://files.igscb.org/pub/station/general/sitelog_instr.txt


0.   Form

     Prepared by (full name)  : SDFI GNSS Team (gnss@sdfi.dk)
     Date Prepared            : 2022-11-13
     Report Type              : UPDATE
     If Update:
      Previous Site Log       : tejh00dnk_20210701.log
      Modified/Added Sections : 3.9, 3.10, 11


1.   Site Identification of the GNSS Monument

     Site Name                : Tejn Havn
     Four Character ID        : TEJH
     Monument Inscription     : None
     IERS DOMES Number        : 10124M001
     CDP Number               : (A4)
     Monument Description     : PILLAR
       Height of the Monument : 4 m
       Monument Foundation    : CONCRETE PAD
       Foundation Depth       : 3.5 m
     Marker Description       : BRASS NAIL
     Date Installed           : 2010-03-16
     Geologic Characteristic  : BEDROCK
       Bedrock Type           : (IGNEOUS/METAMORPHIC/SEDIMENTARY)
       Bedrock Condition      : FRESH
       Fracture Spacing       : (0 cm/1-10 cm/11-50 cm/51-200 cm/over 200 cm)
       Fault zones nearby     : NO
         Distance/activity    : (multiple lines)
     Additional Information   : The reference marker is on top of the piller
                              : located 0.1672 m under the antenne.The mount
                              : disc is embedded on the top of a concrete
                              : pillar.
                              : The pillar consist of an 1)inner solid concrete
                              : pillar (500 mm diameter) electrically heated
                              : to prevent thermal expansion 2)100 mm
                              : insulation material 3)outer wooden construction
                              : carrying a conical concrete top.
                              : 4) a wooden protective surface.
                              : Inner and outer parts of the pillar are only
                              : connected via the foundation. And in the top
                              : with an elastic joint.


2.   Site Location Information

     City or Town             : Tejn
     State or Province        : Bornholm
     Country                  : Denmark
     Tectonic Plate           : EURASIAN
     Approximate Position (ITRF)
       X coordinate (m)       : 3522395.521
       Y coordinate (m)       : 933244.482
       Z coordinate (m)       : 5217231.275
       Latitude (N is +)      : +551454.32
       Longitude (E is +)     : +0145021.60
       Elevation (m,ellips.)  : 41.6
     Additional Information   : ETRS89 coordinates (Danish realization).
                              : The ETRS89 coordinates originates from a 7 day
                              : IGb08 solution at the epoch 2015-10-30.


3.   GNSS Receiver Information

3.1  Receiver Type            : LEICA GRX1200+GNSS
     Satellite System         : GPS+GLO
     Serial Number            : 495526
     Firmware Version         : 7.80
     Elevation Cutoff Setting : 0 deg
     Date Installed           : 2010-03-16T11:00Z
     Date Removed             : 2010-06-15T09:59Z
     Temperature Stabiliz.    : (deg C) +/- (deg C)
     Additional Information   : (multiple lines)

3.2  Receiver Type            : LEICA GRX1200+GNSS
     Satellite System         : GPS+GLO
     Serial Number            : 495538
     Firmware Version         : 7.80
     Elevation Cutoff Setting : 0 deg
     Date Installed           : 2010-06-15T10:00Z
     Date Removed             : 2010-09-12T10:00Z
     Temperature Stabiliz.    : (deg C) +/- (deg C)
     Additional Information   : (multiple lines)

3.3  Receiver Type            : LEICA GRX1200GGPRO
     Satellite System         : GPS+GLO
     Serial Number            : 352269
     Firmware Version         : 7.80
     Elevation Cutoff Setting : 0 deg
     Date Installed           : 2010-09-12T10:21Z
     Date Removed             : 2011-07-15T07:00Z
     Temperature Stabiliz.    : (deg C) +/- (deg C)
     Additional Information   : (multiple lines)

3.4  Receiver Type            : LEICA GRX1200GGPRO
     Satellite System         : GPS+GLO
     Serial Number            : 352269
     Firmware Version         : 8.20
     Elevation Cutoff Setting : 0 deg
     Date Installed           : 2011-07-15T07:20Z
     Date Removed             : 2013-03-13T11:00Z
     Temperature Stabiliz.    : (deg C) +/- (deg C)
     Additional Information   : (multiple lines)

3.5  Receiver Type            : LEICA GRX1200GGPRO
     Satellite System         : GPS+GLO
     Serial Number            : 352269
     Firmware Version         : 8.70
     Elevation Cutoff Setting : 0 deg
     Date Installed           : 2013-03-13T11:30Z
     Date Removed             : 2015-06-23T08:30Z
     Temperature Stabiliz.    : (deg C) +/- (deg C)
     Additional Information   : (multiple lines)

3.6  Receiver Type            : LEICA GRX1200GGPRO
     Satellite System         : GPS+GLO
     Serial Number            : 352269
     Firmware Version         : 9.20
     Elevation Cutoff Setting : 0 deg
     Date Installed           : 2015-06-23T08:30Z
     Date Removed             : 2016-11-16T13:00Z
     Temperature Stabiliz.    : (deg C) +/- (deg C)
     Additional Information   : (multiple lines)

3.7  Receiver Type            : LEICA GR50
     Satellite System         : GPS+GLO+GAL+BDS+QZSS
     Serial Number            : 1870369
     Firmware Version         : 4.02.386
     Elevation Cutoff Setting : 0 deg
     Date Installed           : 2016-11-16T13:00Z
     Date Removed             : 2020-03-17T16:09Z
     Temperature Stabiliz.    : (deg C) +/- (deg C)
     Additional Information   : (multiple lines)

3.8  Receiver Type            : LEICA GR50
     Satellite System         : GPS+GLO+GAL+BDS+QZSS
     Serial Number            : 1870369
     Firmware Version         : 4.31.101
     Elevation Cutoff Setting : 0 deg
     Date Installed           : 2020-03-17T16:09Z
     Date Removed             : 2021-06-24T12:00Z
     Temperature Stabiliz.    : (deg C) +/- (deg C)
     Additional Information   : (multiple lines)

3.9  Receiver Type            : SEPT POLARX5
     Satellite System         : GPS+GLO+GAL+BDS+QZSS+IRNSS
     Serial Number            : 3062184
     Firmware Version         : 5.4.0-patch1
     Elevation Cutoff Setting : 0 deg
     Date Installed           : 2021-07-01T13:00Z
     Date Removed             : 2022-11-13T13:41Z
     Temperature Stabiliz.    : none
     Additional Information   : (multiple lines)

3.10 Receiver Type            : SEPT POLARX5
     Satellite System         : GPS+GLO+GAL+BDS+QZSS+IRNSS
     Serial Number            : 3062184
     Firmware Version         : 5.5.0
     Elevation Cutoff Setting : 0 deg
     Date Installed           : 2022-11-13T13:45Z
     Date Removed             : CCYY-MM-DDThh:mmZ
     Temperature Stabiliz.    : none
     Additional Information   : (multiple lines)

3.x  Receiver Type            : (A20, from rcvr_ant.tab; see instructions)
     Satellite System         : (GPS+GLO+GAL+BDS+QZSS+IRNSS+SBAS)
     Serial Number            : (A20, but note the first A5 is used in SINEX)
     Firmware Version         : (A11)
     Elevation Cutoff Setting : (deg)
     Date Installed           : (CCYY-MM-DDThh:mmZ)
     Date Removed             : (CCYY-MM-DDThh:mmZ)
     Temperature Stabiliz.    : (none or tolerance in degrees C)
     Additional Information   : (multiple lines)


4.   GNSS Antenna Information

4.1  Antenna Type             : LEIAR25         LEIT
     Serial Number            : 09150003
     Antenna Reference Point  : BPA
     Marker->ARP Up Ecc. (m)  :   0.1672
     Marker->ARP North Ecc(m) :   0.0000
     Marker->ARP East Ecc(m)  :   0.0000
     Alignment from True N    : 0 deg
     Antenna Radome Type      : LEIT
     Radome Serial Number     : 
     Antenna Cable Type       : RG213
     Antenna Cable Length     : 11 m
     Date Installed           : 2010-03-16T11:00Z
     Date Removed             : 2010-09-08T07:50Z
     Additional Information   : (multiple lines)

4.2  Antenna Type             : LEIAR25.R3      LEIT
     Serial Number            : 9090011
     Antenna Reference Point  : BPA
     Marker->ARP Up Ecc. (m)  :   0.1672
     Marker->ARP North Ecc(m) :   0.0000
     Marker->ARP East Ecc(m)  :   0.0000
     Alignment from True N    : 0 deg
     Antenna Radome Type      : LEIT
     Radome Serial Number     : 
     Antenna Cable Type       : RG213
     Antenna Cable Length     : 11 m
     Date Installed           : 2010-09-08T07:50Z
     Date Removed             : 2013-03-10T05:00Z
     Additional Information   : (multiple lines)

4.3  Antenna Type             : LEIAR25.R3      LEIT
     Serial Number            : 09310003
     Antenna Reference Point  : BPA
     Marker->ARP Up Ecc. (m)  :   0.1672
     Marker->ARP North Ecc(m) :   0.0000
     Marker->ARP East Ecc(m)  :   0.0000
     Alignment from True N    : 0 deg
     Antenna Radome Type      : LEIT
     Radome Serial Number     : 
     Antenna Cable Type       : RG213
     Antenna Cable Length     : 11 m
     Date Installed           : 2013-03-13T09:30Z
     Date Removed             : 2014-09-16T06:55Z
     Additional Information   : (multiple lines)

4.4  Antenna Type             : LEIAR25.R3      LEIT
     Serial Number            : 09310003
     Antenna Reference Point  : BPA
     Marker->ARP Up Ecc. (m)  :   0.1683
     Marker->ARP North Ecc(m) :   0.0000
     Marker->ARP East Ecc(m)  :   0.0000
     Alignment from True N    : 0 deg
     Antenna Radome Type      : LEIT
     Radome Serial Number     : 
     Antenna Cable Type       : RG213
     Antenna Cable Length     : 11 m
     Date Installed           : 2014-09-16T07:00Z
     Date Removed             : CCYY-MM-DDThh:mmZ
     Additional Information   : same antenna but new height due to insert
                              : of new non metal plate between antenna and
                              : metal tripod

4.x  Antenna Type             : (A20, from rcvr_ant.tab; see instructions)
     Serial Number            : (A*, but note the first A5 is used in SINEX)
     Antenna Reference Point  : (BPA/BCR/XXX from "antenna.gra"; see instr.)
     Marker->ARP Up Ecc. (m)  : (F8.4)
     Marker->ARP North Ecc(m) : (F8.4)
     Marker->ARP East Ecc(m)  : (F8.4)
     Alignment from True N    : (deg; + is clockwise/east)
     Antenna Radome Type      : (A4 from rcvr_ant.tab; see instructions)
     Radome Serial Number     : 
     Antenna Cable Type       : (vendor & type number)
     Antenna Cable Length     : (m)
     Date Installed           : (CCYY-MM-DDThh:mmZ)
     Date Removed             : (CCYY-MM-DDThh:mmZ)
     Additional Information   : (multiple lines)


5.   Surveyed Local Ties

5.x  Tied Marker Name         : 
     Tied Marker Usage        : (SLR/VLBI/LOCAL CONTROL/FOOTPRINT/etc)
     Tied Marker CDP Number   : (A4)
     Tied Marker DOMES Number : (A9)
     Differential Components from GNSS Marker to the tied monument (ITRS)
       dx (m)                 : (m)
       dy (m)                 : (m)
       dz (m)                 : (m)
     Accuracy (mm)            : (mm)
     Survey method            : (GPS CAMPAIGN/TRILATERATION/TRIANGULATION/etc)
     Date Measured            : (CCYY-MM-DDThh:mmZ)
     Additional Information   : (multiple lines)


6.   Frequency Standard

6.x  Standard Type            : (INTERNAL or EXTERNAL H-MASER/CESIUM/etc)
       Input Frequency        : (if external)
       Effective Dates        : (CCYY-MM-DD/CCYY-MM-DD)
       Notes                  : (multiple lines)


7.   Collocation Information

7.x  Instrumentation Type     : (GPS/GLONASS/DORIS/PRARE/SLR/VLBI/TIME/etc)
       Status                 : (PERMANENT/MOBILE)
       Effective Dates        : (CCYY-MM-DD/CCYY-MM-DD)
       Notes                  : (multiple lines)


8.   Meteorological Instrumentation

8.1.x  Humidity Sensor Model  : 
       Manufacturer           : 
       Serial Number          : 
       Data Sampling Interval : (sec)
       Accuracy (% rel h)     : (% rel h)
       Aspiration             : (UNASPIRATED/NATURAL/FAN/etc)
       Height Diff to Ant     : (m)
       Calibration date       : (CCYY-MM-DD)
       Effective Dates        : (CCYY-MM-DD/CCYY-MM-DD)
       Notes                  : (multiple lines)

8.2.x  Pressure Sensor Model  : 
       Manufacturer           : 
       Serial Number          : 
       Data Sampling Interval : (sec)
       Accuracy               : (hPa)
       Height Diff to Ant     : (m)
       Calibration date       : (CCYY-MM-DD)
       Effective Dates        : (CCYY-MM-DD/CCYY-MM-DD)
       Notes                  : (multiple lines)

8.3.x  Temp. Sensor Model     : 
       Manufacturer           : 
       Serial Number          : 
       Data Sampling Interval : (sec)
       Accuracy               : (deg C)
       Aspiration             : (UNASPIRATED/NATURAL/FAN/etc)
       Height Diff to Ant     : (m)
       Calibration date       : (CCYY-MM-DD)
       Effective Dates        : (CCYY-MM-DD/CCYY-MM-DD)
       Notes                  : (multiple lines)

8.4.x  Water Vapor Radiometer : 
       Manufacturer           : 
       Serial Number          : 
       Distance to Antenna    : (m)
       Height Diff to Ant     : (m)
       Calibration date       : (CCYY-MM-DD)
       Effective Dates        : (CCYY-MM-DD/CCYY-MM-DD)
       Notes                  : (multiple lines)

8.5.x  Other Instrumentation  : (multiple lines)


9.   Local Ongoing Conditions Possibly Affecting Computed Position

9.1.x  Radio Interferences    : (TV/CELL PHONE ANTENNA/RADAR/etc)
       Observed Degradations  : (SN RATIO/DATA GAPS/etc)
       Effective Dates        : (CCYY-MM-DD/CCYY-MM-DD)
       Additional Information : (multiple lines)

9.2.x  Multipath Sources      : (METAL ROOF/DOME/VLBI ANTENNA/etc)
       Effective Dates        : (CCYY-MM-DD/CCYY-MM-DD)
       Additional Information : (multiple lines)

9.3.x  Signal Obstructions    : (TREES/BUILDINGS/etc)
       Effective Dates        : (CCYY-MM-DD/CCYY-MM-DD)
       Additional Information : (multiple lines)


10.  Local Episodic Effects Possibly Affecting Data Quality

10.x  Date                    : (CCYY-MM-DD/CCYY-MM-DD)
      Event                   : (TREE CLEARING/CONSTRUCTION/etc)


11.  On-Site, Point of Contact Agency Information

     Agency                   : Agency for Data Supply and Infrastructure
     Preferred Abbreviation   : SDFI
     Mailing Address          : Rentemestervej 8
                              : DK-2400 Copenhagen NV
                              : Denmark
     Primary Contact
       Contact Name           : SDFI GNSS Team
       Telephone (primary)    : 
       Telephone (secondary)  : 
       Fax                    : 
       E-mail                 : gnss@sdfi.dk
     Secondary Contact
       Contact Name           : 
       Telephone (primary)    : 
       Telephone (secondary)  : 
       Fax                    : 
       E-mail                 : 
     Additional Information   : (multiple lines)




12.  Responsible Agency (if different from 11.)

     Agency                   : (multiple lines)
     Preferred Abbreviation   : (A10)
     Mailing Address          : (multiple lines)
     Primary Contact
       Contact Name           : 
       Telephone (primary)    : 
       Telephone (secondary)  : 
       Fax                    : 
       E-mail                 : 
     Secondary Contact
       Contact Name           : 
       Telephone (primary)    : 
       Telephone (secondary)  : 
       Fax                    : 
       E-mail                 : 
     Additional Information   : (multiple lines)


13.  More Information

     Primary Data Center      : 
     Secondary Data Center    : 
     URL for More Information : 
     Hardcopy on File
       Site Map               : (Y or URL)
       Site Diagram           : (Y or URL)
       Horizon Mask           : (Y or URL)
       Monument Description   : (Y or URL)
       Site Pictures          : (Y or URL)
     Additional Information   : (multiple lines)
     Antenna Graphics with Dimensions

LEIAR25.R3
LEIAR25.R4

                       +-------+                          <--  0.1995
                      /         \
                +---+-------------+---+                   <--  0.1606  TCR
                |                     |
             |---------------------------|
          |---------------------------------|
       |---------------------------------------|
    +---------------------------------------------+
    |                                             |
    |                                             |
  +-+---------------------------------------------+-+
  +-----------------+-------------+-----------------+     <--  0.0320  BCR
                    |             |
                    |             |
                    +------x------+                       <--  0.0000  BPA=ARP
                                                              (5/8" thread might
                                                               differ from BPA!)
  <--                    0.3802                   -->                  NOM=NRP

LEIAR25

                       +-------+                          <--  0.1995
                     /           \
                    |             |
                |---+-------------+---|                   <--  0.1614  TCR
            |-----------------------------|
        |-------------------------------------|
    |---------------------------------------------|
  +-------------------------------------------------+
  |                                                 |
  |                                                 |
  |                                                 |
+-+-------------------------------------------------+-+
+-------------------+-------------+-------------------+   <--  0.0320  BCR
                    |             |
                    |             |
                    +------x------+                       <--  0.0000  BPA=ARP

<--                      0.3802                     -->
