     THU400GRL Site Information Form (site log v2.0)
     International GNSS Service
     See Instructions at:
       https://files.igs.org/pub/station/general/sitelog_instr_v2.0.txt


0.   Form

     Prepared by (full name)  : SDFI GNSS Team (gnss@sdfi.dk)
     Date Prepared            : 2025-05-23
     Report Type              : UPDATE
     If Update:
      Previous Site Log       : thu400grl_20240812.log
      Modified/Added Sections : 2, 3.10, 3.11, 5.1, 5.2, 8.1.2, 8.1.1, 8.2.2,
                              : 8.2.1, 8.3.2, 8.3.1, 11, 12, 13


1.   Site Identification of the GNSS Monument

     Site Name                : Thule
     Nine Character ID        : THU400GRL
     Monument Inscription     : 
     IERS DOMES Number        : 43001M003
     CDP Number               : (A4)
     Monument Description     : Bolt in 2.5 meter concrete pillar
       Height of the Monument : 2.5 m
       Monument Foundation    : Steel rods
       Foundation Depth       : (m)
     Marker Description       : (CHISELLED CROSS/DIVOT/BRASS NAIL/etc)
     Date Installed           : 2010-09-28
     Geologic Characteristic  : BEDROCK
       Bedrock Type           : METAMORPHIC
       Bedrock Condition      : JOINTED
       Fracture Spacing       : over 200 cm
       Fault zones nearby     : (YES/NO/Name of the zone)
         Distance/activity    : (multiple lines)
     Additional Information   : (multiple lines)


2.   Site Location Information

     City or Town             : Pituffik Space Base
     State or Province        : N/A
     Country or Region        : GRL
     Tectonic Plate           : NORTH AMERICAN
     Approximate Position (ITRF)
       X coordinate (m)       : 538093.286
       Y coordinate (m)       : -1389081.276
       Z coordinate (m)       : 6180980.882
       Latitude (N is +)      : +763213.58
       Longitude (E is +)     : -0684929.83
       Elevation (m,ellips.)  : 36.2
     Additional Information   : NRCan Rapid (ITRF14 2020-10-09) -
                              : thu42830_15s.20o


3.   GNSS Receiver Information

3.1  Receiver Type            : LEICA GRX1200+GNSS
     Satellite System         : GPS+GLO+GAL
     Serial Number            : 496095
     Firmware Version         : 8.51
     Elevation Cutoff Setting : 0 deg
     Date Installed           : 2010-09-29T00:00Z
     Date Removed             : 2013-02-17T23:59Z
     Temperature Stabiliz.    : none
     Additional Information   : (multiple lines)

3.2  Receiver Type            : LEICA GR25
     Satellite System         : GPS+GLO+GAL
     Serial Number            : 1830369
     Firmware Version         : 2.62
     Elevation Cutoff Setting : 0 deg
     Date Installed           : 2013-02-18T00:00Z
     Date Removed             : 2018-08-27T23:59Z
     Temperature Stabiliz.    : none
     Additional Information   : (multiple lines)

3.3  Receiver Type            : SEPT POLARX5
     Satellite System         : GPS+GLO+GAL+SBAS
     Serial Number            : 3014073
     Firmware Version         : 5.2.0
     Elevation Cutoff Setting : 0 deg
     Date Installed           : 2018-08-28T00:00Z
     Date Removed             : 2019-05-03T23:59Z
     Temperature Stabiliz.    : none
     Additional Information   : (multiple lines)

3.4  Receiver Type            : SEPT POLARX5S
     Satellite System         : GPS+GLO+GAL+SBAS
     Serial Number            : 3048037
     Firmware Version         : 5.2.0
     Elevation Cutoff Setting : 0 deg
     Date Installed           : 2019-05-04T00:00Z
     Date Removed             : 2019-09-23T23:59Z
     Temperature Stabiliz.    : none
     Additional Information   : (multiple lines)

3.5  Receiver Type            : SEPT POLARX5S
     Satellite System         : GPS+GLO+GAL+SBAS
     Serial Number            : 3048037
     Firmware Version         : 5.3.0
     Elevation Cutoff Setting : 0 deg
     Date Installed           : 2019-09-24T00:00Z
     Date Removed             : 2020-02-03T15:05Z
     Temperature Stabiliz.    : none
     Additional Information   : (multiple lines)

3.6  Receiver Type            : SEPT POLARX5S
     Satellite System         : GPS+GLO+GAL+BDS+QZSS+IRNSS+SBAS
     Serial Number            : 3048037
     Firmware Version         : 5.3.2
     Elevation Cutoff Setting : 0 deg
     Date Installed           : 2020-02-03T15:06Z
     Date Removed             : 2020-10-05T09:30Z
     Temperature Stabiliz.    : none
     Additional Information   : (multiple lines)

3.7  Receiver Type            : SEPT POLARX5S
     Satellite System         : GPS+GLO+GAL+BDS+QZSS+IRNSS
     Serial Number            : 3048037
     Firmware Version         : 5.3.2
     Elevation Cutoff Setting : 0 deg
     Date Installed           : 2020-10-05T09:45Z
     Date Removed             : 2021-01-13T15:30Z
     Temperature Stabiliz.    : none
     Additional Information   : (multiple lines)

3.8  Receiver Type            : SEPT POLARX5S
     Satellite System         : GPS+GLO+GAL+BDS+QZSS+IRNSS
     Serial Number            : 3048037
     Firmware Version         : 5.4.0
     Elevation Cutoff Setting : 0 deg
     Date Installed           : 2021-01-13T15:30Z
     Date Removed             : 2021-07-24T09:25Z
     Temperature Stabiliz.    : none
     Additional Information   : (multiple lines)

3.9  Receiver Type            : SEPT POLARX5S
     Satellite System         : GPS+GLO+GAL+BDS+QZSS+IRNSS
     Serial Number            : 3048037
     Firmware Version         : 5.4.0-patch1
     Elevation Cutoff Setting : 0 deg
     Date Installed           : 2021-07-24T09:25Z
     Date Removed             : 2022-09-06T14:15Z
     Temperature Stabiliz.    : none
     Additional Information   : (multiple lines)

3.10 Receiver Type            : SEPT POLARX5S
     Satellite System         : GPS+GLO+GAL+BDS+QZSS+IRNSS
     Serial Number            : 3048037
     Firmware Version         : 5.5.0
     Elevation Cutoff Setting : 0 deg
     Date Installed           : 2022-09-06T14:15Z
     Date Removed             : 2025-05-23T06:35Z
     Temperature Stabiliz.    : none
     Additional Information   : (multiple lines)

3.11 Receiver Type            : SEPT POLARX5S
     Satellite System         : GPS+GLO+GAL+BDS+QZSS+IRNSS
     Serial Number            : 3048037
     Firmware Version         : 5.6.0
     Elevation Cutoff Setting : 0 deg
     Date Installed           : 2025-05-23T06:35Z
     Date Removed             : CCYY-MM-DDThh:mmZ
     Temperature Stabiliz.    : none
     Additional Information   : (multiple lines)

3.x  Receiver Type            : (A20, from rcvr_ant.tab; see instructions)
     Satellite System         : (GPS+GLO+GAL+BDS+QZSS+IRNSS+SBAS)
     Serial Number            : (A20, but note the first A5 is used in SINEX)
     Firmware Version         : (A11)
     Elevation Cutoff Setting : (deg)
     Date Installed           : (CCYY-MM-DDThh:mmZ)
     Date Removed             : (CCYY-MM-DDThh:mmZ)
     Temperature Stabiliz.    : (none or tolerance in degrees C)
     Additional Information   : (multiple lines)


4.   GNSS Antenna Information

4.1  Antenna Type             : LEIAR25.R3      LEIT
     Serial Number            : 90005
     Antenna Reference Point  : BPA
     Marker->ARP Up Ecc. (m)  :   0.1513
     Marker->ARP North Ecc(m) :   0.0000
     Marker->ARP East Ecc(m)  :   0.0000
     Alignment from True N    : 0 deg
     Antenna Radome Type      : LEIT
     Radome Serial Number     : 
     Antenna Cable Type       : Andrew LDF4-50A
     Antenna Cable Length     : 70 m
     Date Installed           : 2010-09-28T00:00Z
     Date Removed             : CCYY-MM-DDThh:mmZ
     Additional Information   : Full serial number 10190005

4.x  Antenna Type             : (A20, from rcvr_ant.tab; see instructions)
     Serial Number            : (A*, but note the first A5 is used in SINEX)
     Antenna Reference Point  : (BPA/BCR/XXX from "antenna.gra"; see instr.)
     Marker->ARP Up Ecc. (m)  : (F8.4)
     Marker->ARP North Ecc(m) : (F8.4)
     Marker->ARP East Ecc(m)  : (F8.4)
     Alignment from True N    : (deg; + is clockwise/east)
     Antenna Radome Type      : (A4 from rcvr_ant.tab; see instructions)
     Radome Serial Number     : 
     Antenna Cable Type       : (vendor & type number)
     Antenna Cable Length     : (m)
     Date Installed           : (CCYY-MM-DDThh:mmZ)
     Date Removed             : (CCYY-MM-DDThh:mmZ)
     Additional Information   : (multiple lines)


5.   Surveyed Local Ties

5.1  Tied Marker Name         : THU2
     Tied Marker Usage        : DORIS station
     Tied Marker CDP Number   : (A4)
     Tied Marker DOMES Number : 43001M002
     Differential Components from GNSS Marker to the tied monument (ITRS)
       dx (m)                 : 17.482 m
       dy (m)                 : 64.862 m
       dz (m)                 : 16.925 m
     Accuracy (mm)            : 1 mm
     Survey method            : GPS, directions and distances, levelling
     Date Measured            : 2008-08-01T00:00Z
     Additional Information   : (multiple lines)

5.2  Tied Marker Name         : THU3
     Tied Marker Usage        : DORIS station
     Tied Marker CDP Number   : (A4)
     Tied Marker DOMES Number : 43001M002
     Differential Components from GNSS Marker to the tied monument (ITRS)
       dx (m)                 : 17.482 m
       dy (m)                 : 64.862 m
       dz (m)                 : 16.925 m
     Accuracy (mm)            : 1 mm
     Survey method            : GPS, directions and distances, levelling
     Date Measured            : 2008-08-01T00:00Z
     Additional Information   : (multiple lines)

5.x  Tied Marker Name         : 
     Tied Marker Usage        : (SLR/VLBI/LOCAL CONTROL/FOOTPRINT/etc)
     Tied Marker CDP Number   : (A4)
     Tied Marker DOMES Number : (A9)
     Differential Components from GNSS Marker to the tied monument (ITRS)
       dx (m)                 : (m)
       dy (m)                 : (m)
       dz (m)                 : (m)
     Accuracy (mm)            : (mm)
     Survey method            : (GPS CAMPAIGN/TRILATERATION/TRIANGULATION/etc)
     Date Measured            : (CCYY-MM-DDThh:mmZ)
     Additional Information   : (multiple lines)


6.   Frequency Standard

6.1  Standard Type            : INTERNAL
       Input Frequency        : (if external)
       Effective Dates        : 2001-09-01/2002-09-24
       Notes                  : (multiple lines)

6.2  Standard Type            : EXTERNAL RUBIDIUM
       Input Frequency        : 5.00 MHz
       Effective Dates        : 2002-09-25/CCYY-MM-DD
       Notes                  : DATUM FRK-LLN P/N: 80104736 S/N: 19087

6.x  Standard Type            : (INTERNAL or EXTERNAL H-MASER/CESIUM/etc)
       Input Frequency        : (if external)
       Effective Dates        : (CCYY-MM-DD/CCYY-MM-DD)
       Notes                  : (multiple lines)


7.   Collocation Information

7.x  Instrumentation Type     : (GPS/GLONASS/DORIS/PRARE/SLR/VLBI/TIME/etc)
       Status                 : (PERMANENT/MOBILE)
       Effective Dates        : (CCYY-MM-DD/CCYY-MM-DD)
       Notes                  : (multiple lines)


8.   Meteorological Instrumentation

8.1.1  Humidity Sensor Model  : HMP45D
       Manufacturer           : VAISALA
       Serial Number          : 
       Data Sampling Interval :   300 sec
       Accuracy (% rel h)     : 2 % rel h
       Aspiration             : (UNASPIRATED/NATURAL/FAN/etc)
       Height Diff to Ant     : 5.1 m
       Calibration date       : (CCYY-MM-DD)
       Effective Dates        : 2001-09-01/2005-09-15
       Notes                  : Serial U5020003

8.1.2  Humidity Sensor Model  : HMP45DSP
       Manufacturer           : VAISALA
       Serial Number          : 
       Data Sampling Interval :   300 sec
       Accuracy (% rel h)     : 2 % rel h
       Aspiration             : (UNASPIRATED/NATURAL/FAN/etc)
       Height Diff to Ant     : 5.1 m
       Calibration date       : 2005-08-15
       Effective Dates        : 2005-09-15/CCYY-MM-DD
       Notes                  : Serial A3310004

8.1.x  Humidity Sensor Model  : 
       Manufacturer           : 
       Serial Number          : 
       Data Sampling Interval : (sec)
       Accuracy (% rel h)     : (% rel h)
       Aspiration             : (UNASPIRATED/NATURAL/FAN/etc)
       Height Diff to Ant     : (m)
       Calibration date       : (CCYY-MM-DD)
       Effective Dates        : (CCYY-MM-DD/CCYY-MM-DD)
       Notes                  : (multiple lines)

8.2.1  Pressure Sensor Model  : PTU200 Class A
       Manufacturer           : VAISALA
       Serial Number          : 
       Data Sampling Interval : 300 sec
       Accuracy               : 0.15 hPa
       Height Diff to Ant     : 5.1 m
       Calibration date       : (CCYY-MM-DD)
       Effective Dates        : 2001-09-01/2008-08-12
       Notes                  : Serial U5120003

8.2.2  Pressure Sensor Model  : PTU200 Class A
       Manufacturer           : VAISALA
       Serial Number          : 
       Data Sampling Interval : 300 sec
       Accuracy               : 0.15 hPa
       Height Diff to Ant     : 5.1 m
       Calibration date       : (CCYY-MM-DD)
       Effective Dates        : 2008-08-12/CCYY-MM-DD
       Notes                  : Serial U5020002

8.2.x  Pressure Sensor Model  : 
       Manufacturer           : 
       Serial Number          : 
       Data Sampling Interval : (sec)
       Accuracy               : (hPa)
       Height Diff to Ant     : (m)
       Calibration date       : (CCYY-MM-DD)
       Effective Dates        : (CCYY-MM-DD/CCYY-MM-DD)
       Notes                  : (multiple lines)

8.3.1  Temp. Sensor Model     : PTU200
       Manufacturer           : VAISALA
       Serial Number          : 
       Data Sampling Interval : 300 sec
       Accuracy               : 0.2 deg C
       Aspiration             : (UNASPIRATED/NATURAL/FAN/etc)
       Height Diff to Ant     : 5.1 m
       Calibration date       : (CCYY-MM-DD)
       Effective Dates        : 2001-09-01/2005-09-15
       Notes                  : Serial U5120003

8.3.2  Temp. Sensor Model     : HMP45DSP
       Manufacturer           : VAISALA
       Serial Number          : 
       Data Sampling Interval : 300 sec
       Accuracy               : 0.2 deg C
       Aspiration             : (UNASPIRATED/NATURAL/FAN/etc)
       Height Diff to Ant     : 5.1 m
       Calibration date       : 2005-08-15
       Effective Dates        : 2005-09-15/CCYY-MM-DD
       Notes                  : Serial A3310004

8.3.x  Temp. Sensor Model     : 
       Manufacturer           : 
       Serial Number          : 
       Data Sampling Interval : (sec)
       Accuracy               : (deg C)
       Aspiration             : (UNASPIRATED/NATURAL/FAN/etc)
       Height Diff to Ant     : (m)
       Calibration date       : (CCYY-MM-DD)
       Effective Dates        : (CCYY-MM-DD/CCYY-MM-DD)
       Notes                  : (multiple lines)

8.4.x  Water Vapor Radiometer : 
       Manufacturer           : 
       Serial Number          : 
       Distance to Antenna    : (m)
       Height Diff to Ant     : (m)
       Calibration date       : (CCYY-MM-DD)
       Effective Dates        : (CCYY-MM-DD/CCYY-MM-DD)
       Notes                  : (multiple lines)

8.5.x  Other Instrumentation  : (multiple lines)


9.   Local Ongoing Conditions Possibly Affecting Computed Position

9.1.x  Radio Interferences    : (TV/CELL PHONE ANTENNA/RADAR/etc)
       Observed Degradations  : (SN RATIO/DATA GAPS/etc)
       Effective Dates        : (CCYY-MM-DD/CCYY-MM-DD)
       Additional Information : (multiple lines)

9.2.x  Multipath Sources      : (METAL ROOF/DOME/VLBI ANTENNA/etc)
       Effective Dates        : (CCYY-MM-DD/CCYY-MM-DD)
       Additional Information : (multiple lines)

9.3.x  Signal Obstructions    : (TREES/BUILDINGS/etc)
       Effective Dates        : (CCYY-MM-DD/CCYY-MM-DD)
       Additional Information : (multiple lines)


10.  Local Episodic Effects Possibly Affecting Data Quality

10.x  Date                    : (CCYY-MM-DD/CCYY-MM-DD)
      Event                   : (TREE CLEARING/CONSTRUCTION/etc)


11.  On-Site, Point of Contact Agency Information

     Agency                   : National Space Institute
                              : Technical University of Denmark
     Preferred Abbreviation   : DTU Space
     Mailing Address          : Elektrovej Building 328
                              : Denmark DK-2800 Kongens Lyngby
                              : Denmark
     Primary Contact
       Contact Name           : DTU Space GNSS Team
       Telephone (primary)    : +45 45 25 95 00
       Telephone (secondary)  : 
       Fax                    : 
       E-mail                 : dtuspace-gnss@space.dtu.dk
     Secondary Contact
       Contact Name           : 
       Telephone (primary)    : 
       Telephone (secondary)  : 
       Fax                    : 
       E-mail                 : 
     Additional Information   : (multiple lines)


12.  Responsible Agency (if different from 11.)

     Agency                   : Agency for Data Supply and Infrastructure
     Preferred Abbreviation   : SDFI
     Mailing Address          : Rentemestervej 8
                              : DK-2400 Copenhagen NV
                              : Denmark
     Primary Contact
       Contact Name           : SDFI GNSS Team
       Telephone (primary)    : 
       Telephone (secondary)  : 
       Fax                    : 
       E-mail                 : gnss@sdfi.dk
     Secondary Contact
       Contact Name           : 
       Telephone (primary)    : 
       Telephone (secondary)  : 
       Fax                    : 
       E-mail                 : 
     Additional Information   : (multiple lines)


13.  More Information

     Primary Data Center      : Agency for Data Supply and Infrastructure (SDFI)
     Secondary Data Center    : DTU Space
     URL for More Information : 
     Hardcopy on File
       Site Map               : (Y or URL)
       Site Diagram           : (Y)
       Horizon Mask           : (Y)
       Monument Description   : (Y)
       Site Pictures          : (Y)
     Additional Information   : (multiple lines)
     Antenna Graphics with Dimensions

LEIAR25.R3/LEIAR25.R4

                         +-------+                        <-- 0.1995
                        /         \
                  +---+-------------+---+                 <-- 0.1606  TCR
                  |                     |
               |---------------------------|
            |---------------------------------|
         |---------------------------------------|
      +---------------------------------------------+
      |                                             |
      |                                             |
    +-+---------------------------------------------+-+
    +-----------------+-------------+-----------------+   <-- 0.0320  BCR
                      |             |
                      |             |
                      +------x------+                     <-- 0.0000  BPA=ARP

    <--                    0.3802                   -->

ARP: Antenna Reference Point
L1 : L1 Phase Center                   L2 : L2 Phase Center
TCR: Top of Chokering                  BCR: Bottom of Chokering
TGP: Top of Ground Plane               BGP: Bottom of Ground Plane
TPA: Top of Preamplifier               BPA: Bottom of Preamplifier
TOP: Top of Pole
