     ESBH Site Information Form (site log)
     International GPS Service
     See Instructions at:
       ftp://igscb.jpl.nasa.gov/pub/station/general/sitelog_instr.txt

0.   Form

     Prepared by (full name)  : Henrik Olsen
     Date Prepared            : 2022-05-03  
     Report Type              : UPDATE
     If Update                : 
      Previous Site Log       : esbh_20210922
      Modified/Added Sections : 1, 3.8, 4.3

1.   Site Identification of the GNSS Monument

     Site Name                : Esbjerg Havn
     Four Character ID        : ESBH
     Monument Inscription     : 
     IERS DOMES Number        : 10115M002
     CDP Number               : (A4)
     Monument Description     : 6,3 m circular special steel bar (INVAR) 
                                O = 50 mm, mounted in a 160x160mm steelhousing.
       Height of the Monument : 6.9 m
       Monument Foundation    : On side of a 2,5x2,5 m Building 5,5 m heigh.
       Foundation Depth       : (m)
     Marker Description       : (CHISELLED CROSS/DIVOT/BRASS NAIL/etc)
     Date Installed           : 2004-11-12
     Geologic Characteristic  : The house is situated on a harbour pier
       Bedrock Type           : (IGNEOUS/METAMORPHIC/SEDIMENTARY)
       Bedrock Condition      : (FRESH/JOINTED/WEATHERED)
       Fracture Spacing       : (1-10 cm/11-50 cm/51-200 cm/over 200 cm)
       Fault zones nearby     : (YES/NO/Name of the zone)
         Distance/activity    : (multiple lines)
     Additional Information   : The GNSS monument disambled 2022-05-03


2.   Site Location Information

     City or Town             : Esbjerg
     State or Province        : Jutland
     Country                  : Denmark
     Tectonic Plate           : 
     Approximate Position (ITRF)
       X coordinate (m)       : 3585279.28238
       Y coordinate (m)       : 531970.93316
       Z coordinate (m)       : 5230646.33547
       Latitude (N is +)      : 552736.9679
       Longitude (E is +)     : 82623.1618
       Elevation (m,ellips.)  : 50.0923
     Additional Information   : ETRS89 coordinates (Danish realization).
                              : The ETRS89 coordinates originates from a 7 day 
                              : IGb08 solution at the epoch 2015-10-30.



3.   GNSS Receiver Information

3.1  Receiver Type            : ASHTECH UZ-12
     Satellite System         : GPS
     Serial Number            : IR2200306013
     Firmware Version         : CQ00/EC00
     Elevation Cutoff Setting : 0
     Date Installed           : 2004-11-12T07:00Z
     Date Removed             : 2005-09-08T00:00Z
     Temperature Stabiliz.    : none
     Additional Information   : 
     
3.2  Receiver Type            : ASHTECH UZ-12
     Satellite System         : GPS
     Serial Number            : IR2200348006
     Firmware Version         : CQ00/EC00
     Elevation Cutoff Setting : 0
     Date Installed           : 2005-09-08T00:00Z
     Date Removed             : 2012-09-28T10:30Z
     Temperature Stabiliz.    : none
     Additional Information   : 

3.3  Receiver Type            : TRIMBLE NETR9
     Satellite System         : GPS+GLO
     Serial Number            : 5133K77879
     Firmware Version         : 4.62/4.62
     Elevation Cutoff Setting : 0
     Date Installed           : 2012-09-28T10:32Z
     Date Removed             : 2015-11-24T09:10Z
     Temperature Stabiliz.    : none
     Additional Information   : 

3.4  Receiver Type            : TRIMBLE NETR9
     Satellite System         : GPS+GLO
     Serial Number            : 5133K77879
     Firmware Version         : 5.10
     Elevation Cutoff Setting : 0
     Date Installed           : 2015-11-24T09:10Z
     Date Removed             : 2018-10-16T14:15Z
     Temperature Stabiliz.    : none
     Additional Information   : 

3.5  Receiver Type            : SEPT POLARX5
     Satellite System         : GPS+GLO
     Serial Number            : 4501846
     Firmware Version         : 5.1.2
     Elevation Cutoff Setting : 0
     Date Installed           : 2018-10-16T14:15Z
     Date Removed             : c
     Temperature Stabiliz.    : none
     Additional Information   : 

3.6  Receiver Type            : SEPT POLARX5
     Satellite System         : GPS+GLO+GAL+BDS+QZSS+IRNSS
     Serial Number            : 4501846
     Firmware Version         : 5.3.2
     Elevation Cutoff Setting : 0
     Date Installed           : 2020-09-10T10:56Z
     Date Removed             : 2021-06-28T12:02Z
     Temperature Stabiliz.    : none
     Additional Information   : 

3.7  Receiver Type            : SEPT POLARX5
     Satellite System         : GPS+GLO+GAL+BDS+QZSS+IRNSS
     Serial Number            : 4501846
     Firmware Version         : 5.4.0-patch1
     Elevation Cutoff Setting : 0
     Date Installed           : 2021-06-28T12:18Z
     Date Removed             : 2021-09-22T06:12Z
     Temperature Stabiliz.    : none
     Additional Information   : 

3.8  Receiver Type            : SEPT POLARX5E
     Satellite System         : GPS+GLO+GAL+BDS+QZSS+IRNSS
     Serial Number            : 3048283
     Firmware Version         : 5.4.0-patch1
     Elevation Cutoff Setting : 0
     Date Installed           : 2021-09-22T07:01Z
     Date Removed             : 2022-05-03T08:00Z
     Temperature Stabiliz.    : none
     Additional Information   : 

3.x  Receiver Type            : (A20, from rcvr_ant.tab; see instructions)
     Satellite System         : (GPS/GLONASS/GPS+GLONASS)
     Serial Number            : (A20, but note the first A5 is used in SINEX)
     Firmware Version         : (A11)
     Elevation Cutoff Setting : (deg)
     Date Installed           : (CCYY-MM-DDThh:mmZ)
     Date Removed             : (CCYY-MM-DDThh:mmZ)
     Temperature Stabiliz.    : (none or tolerance in degrees C)
     Additional Information   : (multiple lines)


4.   GNSS Antenna Information

4.1  Antenna Type             : ASH701945E_M    SCIS
     Serial Number            : CR5200327018
     Antenna Reference Point  : (BPA/BCR/XXX from "antenna.gra"; see instr.)
     Marker->ARP Up Ecc. (m)  : (F8.4)
     Marker->ARP North Ecc(m) : (F8.4)
     Marker->ARP East Ecc(m)  : (F8.4)
     Alignment from True N    : (deg; + is clockwise/east)
     Antenna Radome Type      : (A4 from rcvr_ant.tab; see instructions)
     Radome Serial Number     : 
     Antenna Cable Type       : RG213
     Antenna Cable Length     : 6 m
     Date Installed           : 2004-11-12T07:00Z
     Date Removed             : 2009-05-12T19:00Z
     Additional Information   : (multiple lines)


4.2  Antenna Type             : LEIAR25         LEIT
     Serial Number            : 09030010
     Antenna Reference Point  : (BPA/BCR/XXX from "antenna.gra"; see instr.)
     Marker->ARP Up Ecc. (m)  : (F8.4)
     Marker->ARP North Ecc(m) : (F8.4)
     Marker->ARP East Ecc(m)  : (F8.4)
     Alignment from True N    : (deg; + is clockwise/east)
     Antenna Radome Type      : (A4 from rcvr_ant.tab; see instructions)
     Radome Serial Number     : 
     Antenna Cable Type       : RG213
     Antenna Cable Length     : 6 m
     Date Installed           : 2009-05-12T20:00Z
     Date Removed             : 2009-05-22T11:30Z
     Additional Information   : The antenna was oriented at south!

4.3  Antenna Type             : LEIAR25         LEIT
     Serial Number            : 09030010
     Antenna Reference Point  : (BPA/BCR/XXX from "antenna.gra"; see instr.)
     Marker->ARP Up Ecc. (m)  : (F8.4)
     Marker->ARP North Ecc(m) : (F8.4)
     Marker->ARP East Ecc(m)  : (F8.4)
     Alignment from True N    : (deg; + is clockwise/east)
     Antenna Radome Type      : (A4 from rcvr_ant.tab; see instructions)
     Radome Serial Number     : 
     Antenna Cable Type       : RG213
     Antenna Cable Length     : 6 m
     Date Installed           : 2009-05-22T11:30Z
     Date Removed             : 2022-05-03T08:00Z
     Additional Information   : (multiple lines)


4.x  Antenna Type             : (A20, from rcvr_ant.tab; see instructions)
     Serial Number            : (A*, but note the first A5 is used in SINEX)
     Antenna Reference Point  : (BPA/BCR/XXX from "antenna.gra"; see instr.)
     Marker->ARP Up Ecc. (m)  : (F8.4)
     Marker->ARP North Ecc(m) : (F8.4)
     Marker->ARP East Ecc(m)  : (F8.4)
     Alignment from True N    : (deg; + is clockwise/east)
     Antenna Radome Type      : (A4 from rcvr_ant.tab; see instructions)
     Radome Serial Number     : 
     Antenna Cable Type       : (vendor & type number)
     Antenna Cable Length     : (m)
     Date Installed           : (CCYY-MM-DDThh:mmZ)
     Date Removed             : (CCYY-MM-DDThh:mmZ)
     Additional Information   : (multiple lines)

5.   Surveyed Local Ties

5.1  Tied Marker Name         : K-75-956   (Jessen)
     Tied Marker Usage        : LOCAL CONTROL
     Tied Marker CDP Number   : (A4)
     Tied Marker DOMES Number : (A9)
     Differential Components from GNSS Marker to the tied monument (ITRS)
       d Northing (m)         : -12.816(m)
       d Easting (m)          :   2.577(m)
       d msl (m)              :  -6.812(m)
     Accuracy (mm)            :   1 (mm)
     Survey method            : TRILATERATION/TRIANGULATION
     Date Measured            : 2007-10-17 (CCYY-MM-DDThh:mmZ)
     Additional Information   : (multible lines)
     			      


6.   Frequency Standard

6.1  Standard Type            : (INTERNAL or EXTERNAL H-MASER/CESIUM/etc)
       Input Frequency        : (if external)
       Effective Dates        : (CCYY-MM-DD/CCYY-MM-DD)
       Notes                  : (multiple lines)

6.x  Standard Type            : (INTERNAL or EXTERNAL H-MASER/CESIUM/etc)
       Input Frequency        : (if external)
       Effective Dates        : (CCYY-MM-DD/CCYY-MM-DD)
       Notes                  : (multiple lines)


7.   Collocation Information

7.1  Instrumentation Type     : (GPS/GLONASS/DORIS/PRARE/SLR/VLBI/TIME/etc)
       Status                 : (PERMANENT/MOBILE)
       Effective Dates        : (CCYY-MM-DD/CCYY-MM-DD)
       Notes                  : (multiple lines)

7.x  Instrumentation Type     : (GPS/GLONASS/DORIS/PRARE/SLR/VLBI/TIME/etc)
       Status                 : (PERMANENT/MOBILE)
       Effective Dates        : (CCYY-MM-DD/CCYY-MM-DD)
       Notes                  : (multiple lines)


8.   Meteorological Instrumentation

8.1.1 Humidity Sensor Model   : 
       Manufacturer           : 
       Serial Number          : 
       Data Sampling Interval : (sec)
       Accuracy (% rel h)     : (% rel h)
       Aspiration             : (UNASPIRATED/NATURAL/FAN/etc)
       Height Diff to Ant     : (m)
       Calibration date       : (CCYY-MM-DD)
       Effective Dates        : (CCYY-MM-DD/CCYY-MM-DD)
       Notes                  : (multiple lines)

8.1.x Humidity Sensor Model   : 
       Manufacturer           : 
       Serial Number          : 
       Data Sampling Interval : (sec)
       Accuracy (% rel h)     : (% rel h)
       Aspiration             : (UNASPIRATED/NATURAL/FAN/etc)
       Height Diff to Ant     : (m)
       Calibration date       : (CCYY-MM-DD)
       Effective Dates        : (CCYY-MM-DD/CCYY-MM-DD)
       Notes                  : (multiple lines)

8.2.1 Pressure Sensor Model   : 
       Manufacturer           : 
       Serial Number          : 
       Data Sampling Interval : (sec)
       Accuracy               : (hPa)
       Height Diff to Ant     : (m)
       Calibration date       : (CCYY-MM-DD)
       Effective Dates        : (CCYY-MM-DD/CCYY-MM-DD)
       Notes                  : (multiple lines)

8.2.x Pressure Sensor Model   : 
       Manufacturer           : 
       Serial Number          : 
       Data Sampling Interval : (sec)
       Accuracy               : (hPa)
       Height Diff to Ant     : (m)
       Calibration date       : (CCYY-MM-DD)
       Effective Dates        : (CCYY-MM-DD/CCYY-MM-DD)
       Notes                  : (multiple lines)

8.3.1 Temp. Sensor Model      : 
       Manufacturer           : 
       Serial Number          : 
       Data Sampling Interval : (sec)
       Accuracy               : (deg C)
       Aspiration             : (UNASPIRATED/NATURAL/FAN/etc)
       Height Diff to Ant     : (m)
       Calibration date       : (CCYY-MM-DD)
       Effective Dates        : (CCYY-MM-DD/CCYY-MM-DD)
       Notes                  : (multiple lines)

8.3.x Temp. Sensor Model      : 
       Manufacturer           : 
       Serial Number          : 
       Data Sampling Interval : (sec)
       Accuracy               : (deg C)
       Aspiration             : (UNASPIRATED/NATURAL/FAN/etc)
       Height Diff to Ant     : (m)
       Calibration date       : (CCYY-MM-DD)
       Effective Dates        : (CCYY-MM-DD/CCYY-MM-DD)
       Notes                  : (multiple lines)

8.4.1 Water Vapor Radiometer  : 
       Manufacturer           : 
       Serial Number          : 
       Distance to Antenna    : (m)
       Height Diff to Ant     : (m)
       Calibration date       : (CCYY-MM-DD)
       Effective Dates        : (CCYY-MM-DD/CCYY-MM-DD)
       Notes                  : (multiple lines)

8.4.x Water Vapor Radiometer  : 
       Manufacturer           : 
       Serial Number          : 
       Distance to Antenna    : (m)
       Height Diff to Ant     : (m)
       Calibration date       : (CCYY-MM-DD)
       Effective Dates        : (CCYY-MM-DD/CCYY-MM-DD)
       Notes                  : (multiple lines)

8.5.1 Other Instrumentation   : (multiple lines)

8.5.x Other Instrumentation   : (multiple lines)


9.  Local Ongoing Conditions Possibly Affecting Computed Position

9.1.1 Radio Interferences     : (TV/CELL PHONE ANTENNA/RADAR/etc)
       Observed Degradations  : (SN RATIO/DATA GAPS/etc)
       Effective Dates        : (CCYY-MM-DD/CCYY-MM-DD)
       Additional Information : (multiple lines)

9.1.x Radio Interferences     : (TV/CELL PHONE ANTENNA/RADAR/etc)
       Observed Degradations  : (SN RATIO/DATA GAPS/etc)
       Effective Dates        : (CCYY-MM-DD/CCYY-MM-DD)
       Additional Information : (multiple lines)

9.2.1 Multipath Sources       : (METAL ROOF/DOME/VLBI ANTENNA/etc)
       Effective Dates        : (CCYY-MM-DD/CCYY-MM-DD)
       Additional Information : (multiple lines)

9.2.x Multipath Sources       : (METAL ROOF/DOME/VLBI ANTENNA/etc)
       Effective Dates        : (CCYY-MM-DD/CCYY-MM-DD)
       Additional Information : (multiple lines)

9.3.1 Signal Obstructions     : (TREES/BUILDLINGS/etc)
       Effective Dates        : (CCYY-MM-DD/CCYY-MM-DD)
       Additional Information : (multiple lines)

9.3.x Signal Obstructions     : (TREES/BUILDLINGS/etc)
       Effective Dates        : (CCYY-MM-DD/CCYY-MM-DD)
       Additional Information : (multiple lines)

10.  Local Episodic Effects Possibly Affecting Data Quality

10.1 Date                     : (CCYY-MM-DD/CCYY-MM-DD)
     Event                    : (TREE CLEARING/CONSTRUCTION/etc)

10.x Date                     : (CCYY-MM-DD/CCYY-MM-DD)
     Event                    : (TREE CLEARING/CONSTRUCTION/etc)

11.  On-Site, Point of Contact Agency Information

     Agency                   : Agency for Data Supply and Efficiency, Denmark
     Preferred Abbreviation   : SDFE
     Mailing Address          : Rentemestervej 8
                              : DK-2400 Copenhagen NV
     Primary Contact
       Contact Name           : Henrik Olsen
       Telephone (primary)    : +45 72545636
       Telephone (secondary)  : 
       Fax                    : 
       E-mail                 : nho@sdfe.dk
     Secondary Contact
       Contact Name           : Casper Jepsen
       Telephone (primary)    : 
       Telephone (secondary)  : 
       Fax                    : 
       E-mail                 : caj@sdfe.dk
     Additional Information   : (multiple lines)


12.  Responsible Agency 

     Agency                   : Agency for Data Supply and Efficiency, Denmark
     Preferred Abbreviation   : SDFE
     Mailing Address          : Rentemestervej 8
                              : DK-2400 Copenhagen NV
     Primary Contact
       Contact Name           : Henrik Olsen
       Telephone (primary)    : +45 72545636
       Telephone (secondary)  :
       Fax                    : 
       E-mail                 : nho@sdfe.dk
     Secondary Contact
       Contact Name           : Casper Jepsen
       Telephone (primary)    : 
       Telephone (secondary)  : 
       Fax                    : 
       E-mail                 : caj@sdfe.dk
     Additional Information   : (multiple lines)


13.  More Information

     Primary Data Center      :
     Secondary Data Center    :
     URL for More Information : 
     Hardcopy on File
       Site Map               : (Y or URL)
       Site Diagram           : (Y or URL)
       Horizon Mask           : (Y or URL)
       Monument Description   : (Y or URL)
       Site Pictures          : (Y or URL)
     Additional Information   : (multiple lines)
     Antenna Graphics with Dimensions

ASH701945E_M

                         +-------+
                       /     +     \                        <--  0.1280 L2
                      |      +      |                       <--  0.1100 L1
    +-----------------+-------------+------------------+    <--  0.1006 TCR
    |                                                  |
    |                                                  |
    |                                                  |
    |                                                  |
  +-+--------------------------------------------------+-+  <--  0.0376
  +-------------------+-------------+--------------------+  <--  0.0346 BCR
                      |             |
                      |             |
                      +------x------+                       <--  0.0000 BPA=ARP

  <--                      0.3794                      -->

LEIAR25

                       +-------+                          <--  0.1995
                     /           \
                    |             |
                |---+-------------+---|                   <--  0.1614  TCR
            |-----------------------------|
        |-------------------------------------|
    |---------------------------------------------|
  +-------------------------------------------------+
  |                                                 |
  |                                                 |
  |                                                 |
+-+-------------------------------------------------+-+
+-------------------+-------------+-------------------+   <--  0.0320  BCR
                    |             |
                    |             |
                    +------x------+                       <--  0.0000  BPA=ARP

<--                      0.3802                     -->



