     SCOB00GRL Site Information Form (site log)
     International GNSS Service
     See Instructions at:
       ftp://igs.org/pub/station/general/sitelog_instr.txt

0.   Form

     Prepared by (full name)  : Thomas Henry Nylen
     Date Prepared            : 2021-12-10
     Report Type              : UPDATE
     If Update:
      Previous Site Log       : scob_19970807.log
      Modified/Added Sections : 1, 2, 3.1, 3.2, 4.1


1.   Site Identification of the GNSS Monument

     Site Name                : Scoresbysund
     Four Character ID        : SCOB
     Monument Inscription     : 
     IERS DOMES Number        : 
     CDP Number               : 
     Monument Description     : Bolt in cross-arm of approx. 3m metal mast
       Height of the Monument : 3.0 m
       Monument Foundation    : Metal Pole
       Foundation Depth       : 0.0 m
     Marker Description       : 
     Date Installed           : 1997-08-07T00:00Z
     Geologic Characteristic  : BEDROCK
       Bedrock Type           : METAMORPHIC
       Bedrock Condition      : JOINTED
       Fracture Spacing       : over 200 cm
       Fault zones nearby     : 
         Distance/activity    : 
     Additional Information   : Original GNSS monument at Scoresbysund


2.   Site Location Information

     City or Town             : Scoresbysund/Ittoqqoormiit
     State or Province        : 
     Country                  : Greenland
     Tectonic Plate           : NORTH AMERICAN
     Approximate Position (ITRF)
       X coordinate (m)       : 1982098.724
       Y coordinate (m)       : -798842.378
       Z coordinate (m)       : 5989460.991
       Latitude (N is +)      : +702906.85
       Longitude (E is +)     : -0215703.03
       Elevation (m,ellips.)  : 128.7
     Additional Information   : 


3.   GNSS Receiver Information

3.1  Receiver Type            : TRIMBLE 4000SSI
     Satellite System         : GPS
     Serial Number            : 19173
     Firmware Version         : NP 7.26 / SP 3.07
     Elevation Cutoff Setting : 0
     Date Installed           : 1997-08-07T18:38Z
     Date Removed             : 2000-05-04T11:05Z
     Temperature Stabiliz.    : none
     Additional Information   : (multiple lines)

3.2  Receiver Type            : TRIMBLE 4000SSI
     Satellite System         : GPS
     Serial Number            : 19173
     Firmware Version         : NP 7.19 / SP 3.04
     Elevation Cutoff Setting : 0
     Date Installed           : 2000-05-04T11:05Z
     Date Removed             : 2005-10-20T23:17Z
     Temperature Stabiliz.    : none
     Additional Information   : (multiple lines)

3.x  Receiver Type            : (A20, from rcvr_ant.tab; see instructions)
     Satellite System         : (GPS+GLO+GAL+BDS+QZSS+SBAS)
     Serial Number            : (A20, but note the first A5 is used in SINEX)
     Firmware Version         : (A11)
     Elevation Cutoff Setting : (deg)
     Date Installed           : (CCYY-MM-DDThh:mmZ)
     Date Removed             : (CCYY-MM-DDThh:mmZ)
     Temperature Stabiliz.    : (none or tolerance in degrees C)
     Additional Information   : (multiple lines)


4.   GNSS Antenna Information

4.1  Antenna Type             : TRM29659.00     SCIS
     Serial Number            : 71792
     Antenna Reference Point  : BPA
     Marker->ARP Up Ecc. (m)  : 0.0000
     Marker->ARP North Ecc(m) : 0.0000
     Marker->ARP East Ecc(m)  : 0.0000
     Alignment from True N    : 0 deg
     Antenna Radome Type      : SCIS
     Radome Serial Number     : 
     Antenna Cable Type       : 
     Antenna Cable Length     : 
     Date Installed           : 1997-08-07T00:00Z
     Date Removed             : 2005-10-20T23:17Z
     Additional Information   : 

4.x  Antenna Type             : (A20, from rcvr_ant.tab; see instructions)
     Serial Number            : (A*, but note the first A5 is used in SINEX)
     Antenna Reference Point  : (BPA/BCR/XXX from "antenna.gra"; see instr.)
     Marker->ARP Up Ecc. (m)  : (F8.4)
     Marker->ARP North Ecc(m) : (F8.4)
     Marker->ARP East Ecc(m)  : (F8.4)
     Alignment from True N    : (deg; + is clockwise/east)
     Antenna Radome Type      : (A4 from rcvr_ant.tab; see instructions)
     Radome Serial Number     : 
     Antenna Cable Type       : (vendor & type number)
     Antenna Cable Length     : (m)
     Date Installed           : (CCYY-MM-DDThh:mmZ)
     Date Removed             : (CCYY-MM-DDThh:mmZ)
     Additional Information   : (multiple lines)


5.   Surveyed Local Ties

5.x  Tied Marker Name         : 
     Tied Marker Usage        : (SLR/VLBI/LOCAL CONTROL/FOOTPRINT/etc)
     Tied Marker CDP Number   : (A4)
     Tied Marker DOMES Number : (A9)
     Differential Components from GNSS Marker to the tied monument (ITRS)
       dx (m)                 : (m)
       dy (m)                 : (m)
       dz (m)                 : (m)
     Accuracy (mm)            : (mm)
     Survey method            : (GPS CAMPAIGN/TRILATERATION/TRIANGULATION/etc)
     Date Measured            : (CCYY-MM-DDThh:mmZ)
     Additional Information   : (multiple lines)


6.   Frequency Standard

6.x  Standard Type            : (INTERNAL or EXTERNAL H-MASER/CESIUM/etc)
       Input Frequency        : (if external)
       Effective Dates        : (CCYY-MM-DD/CCYY-MM-DD)
       Notes                  : (multiple lines)


7.   Collocation Information

7.x  Instrumentation Type     : (GPS/GLONASS/DORIS/PRARE/SLR/VLBI/TIME/etc)
       Status                 : (PERMANENT/MOBILE)
       Effective Dates        : (CCYY-MM-DD/CCYY-MM-DD)
       Notes                  : (multiple lines)


8.   Meteorological Instrumentation

8.1.x Humidity Sensor Model   : 
       Manufacturer           : 
       Serial Number          : 
       Data Sampling Interval : (sec)
       Accuracy (% rel h)     : (% rel h)
       Aspiration             : (UNASPIRATED/NATURAL/FAN/etc)
       Height Diff to Ant     : (m)
       Calibration date       : (CCYY-MM-DD)
       Effective Dates        : (CCYY-MM-DD/CCYY-MM-DD)
       Notes                  : (multiple lines)

8.2.x Pressure Sensor Model   : 
       Manufacturer           : 
       Serial Number          : 
       Data Sampling Interval : (sec)
       Accuracy               : (hPa)
       Height Diff to Ant     : (m)
       Calibration date       : (CCYY-MM-DD)
       Effective Dates        : (CCYY-MM-DD/CCYY-MM-DD)
       Notes                  : (multiple lines)

8.3.x Temp. Sensor Model      : 
       Manufacturer           : 
       Serial Number          : 
       Data Sampling Interval : (sec)
       Accuracy               : (deg C)
       Aspiration             : (UNASPIRATED/NATURAL/FAN/etc)
       Height Diff to Ant     : (m)
       Calibration date       : (CCYY-MM-DD)
       Effective Dates        : (CCYY-MM-DD/CCYY-MM-DD)
       Notes                  : (multiple lines)

8.4.x Water Vapor Radiometer  : 
       Manufacturer           :
       Serial Number          :
       Distance to Antenna    : (m)
       Height Diff to Ant     : (m)
       Calibration date       : (CCYY-MM-DD)
       Effective Dates        : (CCYY-MM-DD/CCYY-MM-DD)
       Notes                  : (multiple lines)

8.5.x Other Instrumentation   : (multiple lines)


9.   Local Ongoing Conditions Possibly Affecting Computed Position

9.1.x  Radio Interferences    : (TV/CELL PHONE ANTENNA/RADAR/etc)
       Observed Degradations  : (SN RATIO/DATA GAPS/etc)
       Effective Dates        : (CCYY-MM-DD/CCYY-MM-DD)
       Additional Information : (multiple lines)

9.2.x  Multipath Sources      : (METAL ROOF/DOME/VLBI ANTENNA/etc)
       Effective Dates        : (CCYY-MM-DD/CCYY-MM-DD)
       Additional Information : (multiple lines)

9.3.x  Signal Obstructions    : (TREES/BUILDINGS/etc)
       Effective Dates        : (CCYY-MM-DD/CCYY-MM-DD)
       Additional Information : (multiple lines)


10.  Local Episodic Effects Possibly Affecting Data Quality

10.x Date                     : (CCYY-MM-DD/CCYY-MM-DD)
     Event                    : (TREE CLEARING/CONSTRUCTION/etc)

11.  On-Site, Point of Contact Agency Information

     Agency                   : National Space Institute
                              : Technical University of Denmark
     Preferred Abbreviation   : DTU Space
     Mailing Address          : Elektrovej  bldg. 328
                              : DK-2800 Kongens Lyngby
                              : Denmark
     Primary Contact
       Contact Name           : Mr. Finn Bo Madsen
       Telephone (primary)    : +45 45 25 97 84
       Telephone (secondary)  : +45 40 15 22 76
       Fax                    : +45 45 25 95 75
       E-mail                 : bm@space.dtu.dk
     Secondary Contact
       Contact Name           : Mr. Ole Bjerregaard Hansen
       Telephone (primary)    : +45 45 25 97 38
       Telephone (secondary)  : +45 45 25 97 38
       Fax                    : +45 45 25 95 75
       E-mail                 : obh@space.dtu.dk
     Additional Information   : 


12.  Responsible Agency (if different from 11.)

     Agency                   : 
     Preferred Abbreviation   : 
     Mailing Address          : 
     Primary Contact
       Contact Name           : 
       Telephone (primary)    : 
       Telephone (secondary)  : 
       Fax                    : 
       E-mail                 : 
     Secondary Contact
       Contact Name           : 
       Telephone (primary)    : 
       Telephone (secondary)  : 
       Fax                    : 
       E-mail                 : 
     Additional Information   : 

13.  More Information

     Primary Data Center      : CDDIS
     Secondary Data Center    : BKG
     URL for More Information : 
     Hardcopy on File
       Site Map               : 
       Site Diagram           : (Y)
       Horizon Mask           : (Y)
       Monument Description   : (Y)
       Site Pictures          : (Y)
     Additional Information   : 
     Antenna Graphics with Dimensions


TRM29659.00
TRM59800.00
TRM59800.80
TRM59900.00

                         -----
                     /           \
                    |             |
  +-------------------------------------------------+     <--  0.1020  TCR
  |                                                 |
  |                                                 |
  |                                                 |
  |                                                 |
+-+-------------------------------------------------+-+   <--  0.0381
+-------------------+-------------+-------------------+   <--  0.0350  BCR
                    |             |
                   =|             |
                    +------x------+                       <--  0.0000  BPA=ARP

<--                      0.3810                     -->


