     TRON00FRO Site Information Form (site log)
     International GNSS Service
     See Instructions at:
       https://files.igscb.org/pub/station/general/sitelog_instr.txt


0.   Form

     Prepared by (full name)  : SDFI GNSS Team (gnss@sdfi.dk)
     Date Prepared            : 2022-11-30
     Report Type              : UPDATE
     If Update:
      Previous Site Log       : tron_20221118.log
      Modified/Added Sections : 3.1, 3.2


1.   Site Identification of the GNSS Monument

     Site Name                : Trongisvágur, Faroe Islands
     Four Character ID        : TRON
     Monument Inscription     : 
     IERS DOMES Number        : (A9)
     CDP Number               : (A4)
     Monument Description     : Steel mast attached to building
       Height of the Monument : (m)
       Monument Foundation    : (STEEL RODS, CONCRETE BLOCK, ROOF, etc)
       Foundation Depth       : (m)
     Marker Description       : Center and top of mast
     Date Installed           : 2019-10-04
     Geologic Characteristic  : (BEDROCK/CLAY/CONGLOMERATE/GRAVEL/SAND/etc)
       Bedrock Type           : (IGNEOUS/METAMORPHIC/SEDIMENTARY)
       Bedrock Condition      : (FRESH/JOINTED/WEATHERED)
       Fracture Spacing       : (0 cm/1-10 cm/11-50 cm/51-200 cm/over 200 cm)
       Fault zones nearby     : (YES/NO/Name of the zone)
         Distance/activity    : (multiple lines)
     Additional Information   : Steel mast attached to the building.  The steel 
                              : mast has a height of approximately 2.50m, a diameter of approximately 
                              : 0.070m and protrudes approximately 1.000m above the building.

2.   Site Location Information

     City or Town             : Trongisvágur
     State or Province        : Suðuroy
     Country                  : Faroe Islands
     Tectonic Plate           : EURASIAN
     Approximate Position (ITRF)
       X coordinate (m)       : 3023353.4367
       Y coordinate (m)       : -362969.7143
       Z coordinate (m)       : 5585616.9069
       Latitude (N is +)      : +613350.11
       Longitude (E is +)     : -0065045.24
       Elevation (m,ellips.)  : 91.012
     Additional Information   : (multiple lines)


3.   GNSS Receiver Information

3.1  Receiver Type            : TRIMBLE ALLOY
     Satellite System         : GPS+GLO+GAL+BDS
     Serial Number            : 5829R40045
     Firmware Version         : 5.37
     Elevation Cutoff Setting : 0
     Date Installed           : 2019-10-04
     Date Removed             : 2022-11-29T06:00Z
     Temperature Stabiliz.    : (none or (deg C) +/- (deg C))
     Additional Information   : (multiple lines)

3.2  Receiver Type            : TRIMBLE ALLOY
     Satellite System         : GPS+GLO+GAL+BDS
     Serial Number            : 5829R40045
     Firmware Version         : 6.16
     Elevation Cutoff Setting : 0
     Date Installed           : 2022-11-30T08:42Z
     Date Removed             : (CCYY-MM-DDThh:mmZ)
     Temperature Stabiliz.    : (none or (deg C) +/- (deg C))
     Additional Information   : (multiple lines)

3.x  Receiver Type            : (A20, from rcvr_ant.tab; see instructions)
     Satellite System         : (GPS+GLO+GAL+BDS+QZSS+IRNSS+SBAS)
     Serial Number            : (A20, but note the last A5 is used in SINEX)
     Firmware Version         : (A11)
     Elevation Cutoff Setting : (deg)
     Date Installed           : (CCYY-MM-DDThh:mmZ)
     Date Removed             : (CCYY-MM-DDThh:mmZ)
     Temperature Stabiliz.    : (none or (deg C) +/- (deg C))
     Additional Information   : (multiple lines)


4.   GNSS Antenna Information

4.1  Antenna Type             : TRM115000.00 TZGD
     Serial Number            : 1441046933
     Antenna Reference Point  : BAM
     Marker->ARP Up Ecc. (m)  :    0.0065
     Marker->ARP North Ecc(m) :    0.0000
     Marker->ARP East Ecc(m)  :    0.0000
     Alignment from True N    : 0 deg
     Antenna Radome Type      : TZGD
     Radome Serial Number     : 
     Antenna Cable Type       : R213
     Antenna Cable Length     : 25m
     Date Installed           : 2019-10-04
     Date Removed             : (CCYY-MM-DDThh:mmZ)
     Additional Information   : (multiple lines)

4.x  Antenna Type             : (A20, from rcvr_ant.tab; see instructions)
     Serial Number            : (A*, but note the last A5 is used in SINEX)
     Antenna Reference Point  : (BPA/BCR/XXX from "antenna.gra"; see instr.)
     Marker->ARP Up Ecc. (m)  : (F8.4)
     Marker->ARP North Ecc(m) : (F8.4)
     Marker->ARP East Ecc(m)  : (F8.4)
     Alignment from True N    : (deg; + is clockwise/east)
     Antenna Radome Type      : (A4 from rcvr_ant.tab; see instructions)
     Radome Serial Number     : 
     Antenna Cable Type       : (vendor & type number)
     Antenna Cable Length     : (m)
     Date Installed           : (CCYY-MM-DDThh:mmZ)
     Date Removed             : (CCYY-MM-DDThh:mmZ)
     Additional Information   : (multiple lines)

5.   Surveyed Local Ties

5.x  Tied Marker Name         : 
     Tied Marker Usage        : (SLR/VLBI/LOCAL CONTROL/FOOTPRINT/etc)
     Tied Marker CDP Number   : (A4)
     Tied Marker DOMES Number : (A9)
     Differential Components from GNSS Marker to the tied monument (ITRS)
       dx (m)                 : (m)
       dy (m)                 : (m)
       dz (m)                 : (m)
     Accuracy (mm)            : (mm)
     Survey method            : (GPS CAMPAIGN/TRILATERATION/TRIANGULATION/etc)
     Date Measured            : (CCYY-MM-DDThh:mmZ)
     Additional Information   : (multiple lines)


6.   Frequency Standard

6.1  Standard Type            : INTERNAL
       Input Frequency        : (if external)
       Effective Dates        : (CCYY-MM-DD/CCYY-MM-DD)
       Notes                  : (multiple lines)

6.x  Standard Type            : (INTERNAL or EXTERNAL H-MASER/CESIUM/etc)
       Input Frequency        : (if external)
       Effective Dates        : (CCYY-MM-DD/CCYY-MM-DD)
       Notes                  : (multiple lines)


7.   Collocation Information

7.1  Instrumentation Type     : (GPS/GLONASS/DORIS/PRARE/SLR/VLBI/TIME/etc)
       Status                 : (PERMANENT/MOBILE)
       Effective Dates        : (CCYY-MM-DD/CCYY-MM-DD)
       Notes                  : (multiple lines)

7.x  Instrumentation Type     : (GPS/GLONASS/DORIS/PRARE/SLR/VLBI/TIME/etc)
       Status                 : (PERMANENT/MOBILE)
       Effective Dates        : (CCYY-MM-DD/CCYY-MM-DD)
       Notes                  : (multiple lines)


8.   Meteorological Instrumentation

8.1.1 Humidity Sensor Model   : 
       Manufacturer           : 
       Serial Number          : 
       Data Sampling Interval : (sec)
       Accuracy (% rel h)     : (% rel h)
       Aspiration             : (UNASPIRATED/NATURAL/FAN/etc)
       Height Diff to Ant     : (m)
       Calibration date       : (CCYY-MM-DD)
       Effective Dates        : (CCYY-MM-DD/CCYY-MM-DD)
       Notes                  : (multiple lines)

8.1.x Humidity Sensor Model   : 
       Manufacturer           : 
       Serial Number          : 
       Data Sampling Interval : (sec)
       Accuracy (% rel h)     : (% rel h)
       Aspiration             : (UNASPIRATED/NATURAL/FAN/etc)
       Height Diff to Ant     : (m)
       Calibration date       : (CCYY-MM-DD)
       Effective Dates        : (CCYY-MM-DD/CCYY-MM-DD)
       Notes                  : (multiple lines)

8.2.1 Pressure Sensor Model   : 
       Manufacturer           : 
       Serial Number          : 
       Data Sampling Interval : (sec)
       Accuracy               : (hPa)
       Height Diff to Ant     : (m)
       Calibration date       : (CCYY-MM-DD)
       Effective Dates        : (CCYY-MM-DD/CCYY-MM-DD)
       Notes                  : (multiple lines)

8.2.x Pressure Sensor Model   : 
       Manufacturer           : 
       Serial Number          : 
       Data Sampling Interval : (sec)
       Accuracy               : (hPa)
       Height Diff to Ant     : (m)
       Calibration date       : (CCYY-MM-DD)
       Effective Dates        : (CCYY-MM-DD/CCYY-MM-DD)
       Notes                  : (multiple lines)

8.3.1 Temp. Sensor Model      : 
       Manufacturer           : 
       Serial Number          : 
       Data Sampling Interval : (sec)
       Accuracy               : (deg C)
       Aspiration             : (UNASPIRATED/NATURAL/FAN/etc)
       Height Diff to Ant     : (m)
       Calibration date       : (CCYY-MM-DD)
       Effective Dates        : (CCYY-MM-DD/CCYY-MM-DD)
       Notes                  : (multiple lines)

8.3.x Temp. Sensor Model      : 
       Manufacturer           : 
       Serial Number          : 
       Data Sampling Interval : (sec)
       Accuracy               : (deg C)
       Aspiration             : (UNASPIRATED/NATURAL/FAN/etc)
       Height Diff to Ant     : (m)
       Calibration date       : (CCYY-MM-DD)
       Effective Dates        : (CCYY-MM-DD/CCYY-MM-DD)
       Notes                  : (multiple lines)

8.4.1 Water Vapor Radiometer  : 
       Manufacturer           : 
       Serial Number          : 
       Distance to Antenna    : (m)
       Height Diff to Ant     : (m)
       Calibration date       : (CCYY-MM-DD)
       Effective Dates        : (CCYY-MM-DD/CCYY-MM-DD)
       Notes                  : (multiple lines)

8.4.x Water Vapor Radiometer  : 
       Manufacturer           : 
       Serial Number          : 
       Distance to Antenna    : (m)
       Height Diff to Ant     : (m)
       Calibration date       : (CCYY-MM-DD)
       Effective Dates        : (CCYY-MM-DD/CCYY-MM-DD)
       Notes                  : (multiple lines)

8.5.1 Other Instrumentation   : (multiple lines)

8.5.x Other Instrumentation   : (multiple lines)


9.   Local Ongoing Conditions Possibly Affecting Computed Position

9.1.1 Radio Interferences     : (TV/CELL PHONE ANTENNA/RADAR/etc)
       Observed Degradations  : (SN RATIO/DATA GAPS/etc)
       Effective Dates        : (CCYY-MM-DD/CCYY-MM-DD)
       Additional Information : (multiple lines)

9.1.x Radio Interferences     : (TV/CELL PHONE ANTENNA/RADAR/etc)
       Observed Degradations  : (SN RATIO/DATA GAPS/etc)
       Effective Dates        : (CCYY-MM-DD/CCYY-MM-DD)
       Additional Information : (multiple lines)

9.2.1 Multipath Sources       : (METAL ROOF/DOME/VLBI ANTENNA/etc)
       Effective Dates        : (CCYY-MM-DD/CCYY-MM-DD)
       Additional Information : (multiple lines)

9.2.x Multipath Sources       : (METAL ROOF/DOME/VLBI ANTENNA/etc)
       Effective Dates        : (CCYY-MM-DD/CCYY-MM-DD)
       Additional Information : (multiple lines)

9.3.1 Signal Obstructions     : Mountains
       Effective Dates        : 2020-09-14/CCYY-MM-DD
       Additional Information : The receiver is placed upon a building 
                              : located at the head of an estuary, within 
                              : a mountainous valley.  Mountains exist generally 
                              : to the east and west.  The mountain cut off angles 
                              : are approximately 9 degrees to the north west, 
                              : 8 degrees to the east and 10 degrees to the east south east.

9.3.x Signal Obstructions     : (TREES/BUILDINGS/etc)
       Effective Dates        : (CCYY-MM-DD/CCYY-MM-DD)
       Additional Information : (multiple lines)


10.  Local Episodic Effects Possibly Affecting Data Quality

10.1  Date                    : (CCYY-MM-DD/CCYY-MM-DD)
     Event                    : (TREE CLEARING/CONSTRUCTION/etc)

10.x  Date                    : (CCYY-MM-DD/CCYY-MM-DD)
     Event                    : (TREE CLEARING/CONSTRUCTION/etc)


11.  On-Site, Point of Contact Agency Information

     Agency                   : The Environment Agency of the Faroe Islands (Umhvørvisstovan)
     Preferred Abbreviation   : (A10)
     Mailing Address          : Traðagøta 38 
                              : Postboks 2048 
                              : FO-165 Argir Tórshavn
                              : Faroe Islands
     Primary Contact
       Contact Name           : Stein Fossá
       Telephone (primary)    : +298 34 24 50 
       Telephone (secondary)  : 
       Fax                    : 
       E-mail                 : steinf@us.fo
     Secondary Contact
       Contact Name           : 
       Telephone (primary)    : 
       Telephone (secondary)  : 
       Fax                    : 
       E-mail                 : 
     Additional Information   : (multiple lines)


12.  Responsible Agency (if different from 11.)

     Agency                   : Agency for Data Supply and Infrastructure
     Preferred Abbreviation   : SDFI
     Mailing Address          : Rentemestervej 8
                              : DK-2400 Copenhagen NV
                              : Denmark
     Primary Contact
       Contact Name           : SDFI GNSS Team
       Telephone (primary)    : 
       Telephone (secondary)  : 
       Fax                    : 
       E-mail                 : gnss@sdfi.dk
     Secondary Contact
       Contact Name           : 
       Telephone (primary)    : 
       Telephone (secondary)  : 
       Fax                    : 
       E-mail                 : 
     Additional Information   : (multiple lines)


13.  More Information

     Primary Data Center      : 
     Secondary Data Center    : 
     URL for More Information : 
     Hardcopy on File
       Site Map               : (Y or URL)
       Site Diagram           : (Y or URL)
       Horizon Mask           : (Y or URL)
       Monument Description   : (Y or URL)
       Site Pictures          : (Y or URL)
     Additional Information   : (multiple lines)
     Antenna Graphics with Dimensions

     (insert text graphic from file antenna.gra)

   / --------------------------------------------- \
  +                                                 +
   \ --------------------------------------------- /
                   \               /
                    \             /
                     \-----x-----/                        <--  0.0000  BAM=ARP
                                                                       RXC=NRP
  <--                    0.3396                   -->                  Notches