     UPVK00GRL Site Information Form (site log v2.0)
     International GNSS Service
     See Instructions at:
       https://files.igs.org/pub/station/general/sitelog_instr_v2.0.txt


0.   Form

     Prepared by (full name)  : SDFI GNSS Team (gnss@sdfi.dk)
     Date Prepared            : 2025-06-04
     Report Type              : UPDATE
     If Update:
      Previous Site Log       : upvk00grl_20230623.log
      Modified/Added Sections : 1, 2, 3.16, 3.17, 13


1.   Site Identification of the GNSS Monument

     Site Name                : Upernavik Airport
     Nine Character ID        : UPVK00GRL
     Monument Inscription     : 
     IERS DOMES Number        : 43032M001
     CDP Number               : (A4)
     Monument Description     : BEDROCK-BOLTED MAST
       Height of the Monument : 1.0 m
       Monument Foundation    : (STEEL RODS, CONCRETE BLOCK, ROOF, etc)
       Foundation Depth       : (m)
     Marker Description       : PLATE
     Date Installed           : 2007-06-02
     Geologic Characteristic  : BEDROCK
       Bedrock Type           : METAMORPHIC
       Bedrock Condition      : FRESH
       Fracture Spacing       : (0 cm/1-10 cm/11-50 cm/51-200 cm/over 200 cm)
       Fault zones nearby     : None
         Distance/activity    : (multiple lines)
     Additional Information   : (multiple lines)


2.   Site Location Information

     City or Town             : Upernavik
     State or Province        : GREENLANMD
     Country or Region        : GRL
     Tectonic Plate           : NORTH AMERICAN
     Approximate Position (ITRF)
       X coordinate (m)       : 1055127.528
       Y coordinate (m)       : -1571854.555
       Z coordinate (m)       : 6070450.351
       Latitude (N is +)      : +724717.84
       Longitude (E is +)     : -0560740.82
       Elevation (m,ellips.)  : 164.9
     Additional Information   : NRCAN ITRF14 2020-10-09 for the upvk2830_15s.20o


3.   GNSS Receiver Information

3.1  Receiver Type            : JPS EGGDT
     Satellite System         : GPS
     Serial Number            : LT_2136
     Firmware Version         : 2.5 Oct,16,2006 p2
     Elevation Cutoff Setting : 5 deg
     Date Installed           : 2007-06-02T00:00Z
     Date Removed             : 2007-08-08T00:00Z
     Temperature Stabiliz.    : none
     Additional Information   : (multiple lines)

3.2  Receiver Type            : TRIMBLE NETRS
     Satellite System         : GPS
     Serial Number            : 4702127049
     Firmware Version         : 1.1-3
     Elevation Cutoff Setting : 0 deg
     Date Installed           : 2007-08-08T00:00Z
     Date Removed             : 2008-09-16T00:00Z
     Temperature Stabiliz.    : none
     Additional Information   : (multiple lines)

3.3  Receiver Type            : LEICA GRX1200GGPRO
     Satellite System         : GPS
     Serial Number            : 355585
     Firmware Version         : 6.00
     Elevation Cutoff Setting : 0 deg
     Date Installed           : 2008-09-16T00:00Z
     Date Removed             : 2009-07-10T23:59Z
     Temperature Stabiliz.    : none
     Additional Information   : 15s

3.4  Receiver Type            : LEICA GRX1200GGPRO
     Satellite System         : GPS
     Serial Number            : 355585
     Firmware Version         : 7.53
     Elevation Cutoff Setting : 0 deg
     Date Installed           : 2009-07-11T00:00Z
     Date Removed             : 2010-03-25T23:59Z
     Temperature Stabiliz.    : none
     Additional Information   : (multiple lines)

3.5  Receiver Type            : LEICA GRX1200GGPRO
     Satellite System         : GPS
     Serial Number            : 355585
     Firmware Version         : 7.80
     Elevation Cutoff Setting : 0 deg
     Date Installed           : 2010-03-29T00:00Z
     Date Removed             : 2010-04-08T23:59Z
     Temperature Stabiliz.    : none
     Additional Information   : (multiple lines)

3.6  Receiver Type            : LEICA GRX1200GGPRO
     Satellite System         : GPS
     Serial Number            : 355585
     Firmware Version         : 7.81
     Elevation Cutoff Setting : 0 deg
     Date Installed           : 2010-04-15T11:56Z
     Date Removed             : 2011-07-14T23:59Z
     Temperature Stabiliz.    : none
     Additional Information   : (multiple lines)

3.7  Receiver Type            : LEICA GRX1200GGPRO
     Satellite System         : GPS
     Serial Number            : 355585
     Firmware Version         : 8.20
     Elevation Cutoff Setting : 0 deg
     Date Installed           : 2011-07-15T00:00Z
     Date Removed             : 2012-06-26T23:59Z
     Temperature Stabiliz.    : none
     Additional Information   : (multiple lines)

3.8  Receiver Type            : LEICA GRX1200GGPRO
     Satellite System         : GPS
     Serial Number            : 355585
     Firmware Version         : 8.51
     Elevation Cutoff Setting : 0 deg
     Date Installed           : 2012-06-26T23:59Z
     Date Removed             : 2013-05-30T23:59Z
     Temperature Stabiliz.    : none
     Additional Information   : (multiple lines)

3.9  Receiver Type            : LEICA GRX1200GGPRO
     Satellite System         : GPS
     Serial Number            : 355585
     Firmware Version         : 8.71
     Elevation Cutoff Setting : 0 deg
     Date Installed           : 2013-05-31T00:00Z
     Date Removed             : 2016-10-07T23:59Z
     Temperature Stabiliz.    : none
     Additional Information   : (multiple lines)

3.10 Receiver Type            : LEICA GRX1200GGPRO
     Satellite System         : GPS
     Serial Number            : 355585
     Firmware Version         : 9.20
     Elevation Cutoff Setting : 0 deg
     Date Installed           : 2016-10-09T00:00Z
     Date Removed             : 2018-08-16T23:59Z
     Temperature Stabiliz.    : none
     Additional Information   : (multiple lines)

3.11 Receiver Type            : SEPT POLARX5
     Satellite System         : GPS+GLO+GAL+BDS+QZSS+SBAS
     Serial Number            : 3014245
     Firmware Version         : 5.2.0
     Elevation Cutoff Setting : 0 deg
     Date Installed           : 2018-08-17T00:00Z
     Date Removed             : 2020-02-05T08:30Z
     Temperature Stabiliz.    : none
     Additional Information   : (multiple lines)

3.12 Receiver Type            : SEPT POLARX5
     Satellite System         : GPS+GLO+GAL+BDS+QZSS+SBAS
     Serial Number            : 3014245
     Firmware Version         : 5.3.2
     Elevation Cutoff Setting : 0 deg
     Date Installed           : 2020-02-05T09:00Z
     Date Removed             : 2020-10-05T09:45Z
     Temperature Stabiliz.    : none
     Additional Information   : (multiple lines)

3.13 Receiver Type            : SEPT POLARX5
     Satellite System         : GPS+GLO+GAL+BDS+QZSS
     Serial Number            : 3014245
     Firmware Version         : 5.3.2
     Elevation Cutoff Setting : 0 deg
     Date Installed           : 2020-10-05T10:00Z
     Date Removed             : 2021-01-13T16:00Z
     Temperature Stabiliz.    : none
     Additional Information   : (multiple lines)

3.14 Receiver Type            : SEPT POLARX5
     Satellite System         : GPS+GLO+GAL+BDS+QZSS
     Serial Number            : 3014245
     Firmware Version         : 5.4.0
     Elevation Cutoff Setting : 0 deg
     Date Installed           : 2021-01-13T16:00Z
     Date Removed             : 2021-07-21T16:26Z
     Temperature Stabiliz.    : none
     Additional Information   : upgrade firmware

3.15 Receiver Type            : SEPT POLARX5
     Satellite System         : GPS+GLO+GAL+BDS+QZSS
     Serial Number            : 3014245
     Firmware Version         : 5.4.0-patch1
     Elevation Cutoff Setting : 0 deg
     Date Installed           : 2021-07-21T16:26Z
     Date Removed             : 2022-09-07T15:44Z
     Temperature Stabiliz.    : none
     Additional Information   : upgrade firmware

3.16 Receiver Type            : SEPT POLARX5
     Satellite System         : GPS+GLO+GAL+BDS+QZSS
     Serial Number            : 3014245
     Firmware Version         : 5.5.0
     Elevation Cutoff Setting : 0 deg
     Date Installed           : 2022-09-07T15:44Z
     Date Removed             : 2025-06-04T12:48Z
     Temperature Stabiliz.    : none
     Additional Information   : upgrade firmware

3.17 Receiver Type            : SEPT POLARX5
     Satellite System         : GPS+GLO+GAL+BDS+QZSS
     Serial Number            : 3014245
     Firmware Version         : 5.6.0
     Elevation Cutoff Setting : 0 deg
     Date Installed           : 2025-06-04T12:48Z
     Date Removed             : CCYY-MM-DDThh:mmZ
     Temperature Stabiliz.    : none
     Additional Information   : upgrade firmware

3.x  Receiver Type            : (A20, from rcvr_ant.tab; see instructions)
     Satellite System         : (GPS+GLO+GAL+BDS+QZSS+IRNSS+SBAS)
     Serial Number            : (A20, but note the first A5 is used in SINEX)
     Firmware Version         : (A11)
     Elevation Cutoff Setting : (deg)
     Date Installed           : (CCYY-MM-DDThh:mmZ)
     Date Removed             : (CCYY-MM-DDThh:mmZ)
     Temperature Stabiliz.    : (none or tolerance in degrees C)
     Additional Information   : (multiple lines)


4.   GNSS Antenna Information

4.1  Antenna Type             : LEIAT504GG      SCIS
     Serial Number            : 00045
     Antenna Reference Point  : BPA
     Marker->ARP Up Ecc. (m)  :   1.1057
     Marker->ARP North Ecc(m) :   0.0000
     Marker->ARP East Ecc(m)  :   0.0000
     Alignment from True N    : 0 deg
     Antenna Radome Type      : SCIS
     Radome Serial Number     : 0315
     Antenna Cable Type       : (vendor & type number)
     Antenna Cable Length     : (m)
     Date Installed           : 2007-06-02T00:00Z
     Date Removed             : 2007-08-08T00:00Z
     Additional Information   : (multiple lines)

4.2  Antenna Type             : TRM29659.00     SCIS
     Serial Number            : 17062
     Antenna Reference Point  : BPA
     Marker->ARP Up Ecc. (m)  :   1.1057
     Marker->ARP North Ecc(m) :   0.0000
     Marker->ARP East Ecc(m)  :   0.0000
     Alignment from True N    : 0 deg
     Antenna Radome Type      : SCIS
     Radome Serial Number     : 0301
     Antenna Cable Type       : (vendor & type number)
     Antenna Cable Length     : (m)
     Date Installed           : 2007-08-08T00:00Z
     Date Removed             : 2012-06-04T11:34Z
     Additional Information   : (multiple lines)

4.3  Antenna Type             : LEIAT504GG      SCIS
     Serial Number            : 00738
     Antenna Reference Point  : BPA
     Marker->ARP Up Ecc. (m)  :   1.1057
     Marker->ARP North Ecc(m) :   0.0000
     Marker->ARP East Ecc(m)  :   0.0000
     Alignment from True N    : 0 deg
     Antenna Radome Type      : SCIS
     Radome Serial Number     : n/a
     Antenna Cable Type       : (vendor & type number)
     Antenna Cable Length     : (m)
     Date Installed           : 2012-06-04T11:37Z
     Date Removed             : 2021-08-05T11:04Z
     Additional Information   : (multiple lines)

4.4  Antenna Type             : LEIAR20         LEIM
     Serial Number            : 49013
     Antenna Reference Point  : BAM
     Marker->ARP Up Ecc. (m)  :   1.1057
     Marker->ARP North Ecc(m) :   0.0000
     Marker->ARP East Ecc(m)  :   0.0000
     Alignment from True N    : 0 deg
     Antenna Radome Type      : LEIM
     Radome Serial Number     : n/a
     Antenna Cable Type       : (vendor & type number)
     Antenna Cable Length     : (m)
     Date Installed           : 2021-08-05T11:04Z
     Date Removed             : CCYY-MM-DDThh:mmZ
     Additional Information   : New antenna

4.x  Antenna Type             : (A20, from rcvr_ant.tab; see instructions)
     Serial Number            : (A*, but note the first A5 is used in SINEX)
     Antenna Reference Point  : (BPA/BCR/XXX from "antenna.gra"; see instr.)
     Marker->ARP Up Ecc. (m)  : (F8.4)
     Marker->ARP North Ecc(m) : (F8.4)
     Marker->ARP East Ecc(m)  : (F8.4)
     Alignment from True N    : (deg; + is clockwise/east)
     Antenna Radome Type      : (A4 from rcvr_ant.tab; see instructions)
     Radome Serial Number     : 
     Antenna Cable Type       : (vendor & type number)
     Antenna Cable Length     : (m)
     Date Installed           : (CCYY-MM-DDThh:mmZ)
     Date Removed             : (CCYY-MM-DDThh:mmZ)
     Additional Information   : (multiple lines)


5.   Surveyed Local Ties

5.x  Tied Marker Name         : 
     Tied Marker Usage        : (SLR/VLBI/LOCAL CONTROL/FOOTPRINT/etc)
     Tied Marker CDP Number   : (A4)
     Tied Marker DOMES Number : (A9)
     Differential Components from GNSS Marker to the tied monument (ITRS)
       dx (m)                 : (m)
       dy (m)                 : (m)
       dz (m)                 : (m)
     Accuracy (mm)            : (mm)
     Survey method            : (GPS CAMPAIGN/TRILATERATION/TRIANGULATION/etc)
     Date Measured            : (CCYY-MM-DDThh:mmZ)
     Additional Information   : (multiple lines)


6.   Frequency Standard

6.1  Standard Type            : INTERNAL
       Input Frequency        : (if external)
       Effective Dates        : 2007-06-02/CCYY-MM-DD
       Notes                  : (multiple lines)

6.x  Standard Type            : (INTERNAL or EXTERNAL H-MASER/CESIUM/etc)
       Input Frequency        : (if external)
       Effective Dates        : (CCYY-MM-DD/CCYY-MM-DD)
       Notes                  : (multiple lines)


7.   Collocation Information

7.x  Instrumentation Type     : (GPS/GLONASS/DORIS/PRARE/SLR/VLBI/TIME/etc)
       Status                 : (PERMANENT/MOBILE)
       Effective Dates        : (CCYY-MM-DD/CCYY-MM-DD)
       Notes                  : (multiple lines)


8.   Meteorological Instrumentation

8.1.x  Humidity Sensor Model  : 
       Manufacturer           : 
       Serial Number          : 
       Data Sampling Interval : (sec)
       Accuracy (% rel h)     : (% rel h)
       Aspiration             : (UNASPIRATED/NATURAL/FAN/etc)
       Height Diff to Ant     : (m)
       Calibration date       : (CCYY-MM-DD)
       Effective Dates        : (CCYY-MM-DD/CCYY-MM-DD)
       Notes                  : (multiple lines)

8.2.x  Pressure Sensor Model  : 
       Manufacturer           : 
       Serial Number          : 
       Data Sampling Interval : (sec)
       Accuracy               : (hPa)
       Height Diff to Ant     : (m)
       Calibration date       : (CCYY-MM-DD)
       Effective Dates        : (CCYY-MM-DD/CCYY-MM-DD)
       Notes                  : (multiple lines)

8.3.x  Temp. Sensor Model     : 
       Manufacturer           : 
       Serial Number          : 
       Data Sampling Interval : (sec)
       Accuracy               : (deg C)
       Aspiration             : (UNASPIRATED/NATURAL/FAN/etc)
       Height Diff to Ant     : (m)
       Calibration date       : (CCYY-MM-DD)
       Effective Dates        : (CCYY-MM-DD/CCYY-MM-DD)
       Notes                  : (multiple lines)

8.4.x  Water Vapor Radiometer : 
       Manufacturer           : 
       Serial Number          : 
       Distance to Antenna    : (m)
       Height Diff to Ant     : (m)
       Calibration date       : (CCYY-MM-DD)
       Effective Dates        : (CCYY-MM-DD/CCYY-MM-DD)
       Notes                  : (multiple lines)

8.5.x  Other Instrumentation  : (multiple lines)


9.   Local Ongoing Conditions Possibly Affecting Computed Position

9.1.x  Radio Interferences    : (TV/CELL PHONE ANTENNA/RADAR/etc)
       Observed Degradations  : (SN RATIO/DATA GAPS/etc)
       Effective Dates        : (CCYY-MM-DD/CCYY-MM-DD)
       Additional Information : (multiple lines)

9.2.x  Multipath Sources      : (METAL ROOF/DOME/VLBI ANTENNA/etc)
       Effective Dates        : (CCYY-MM-DD/CCYY-MM-DD)
       Additional Information : (multiple lines)

9.3.x  Signal Obstructions    : (TREES/BUILDINGS/etc)
       Effective Dates        : (CCYY-MM-DD/CCYY-MM-DD)
       Additional Information : (multiple lines)


10.  Local Episodic Effects Possibly Affecting Data Quality

10.x  Date                    : (CCYY-MM-DD/CCYY-MM-DD)
      Event                   : (TREE CLEARING/CONSTRUCTION/etc)


11.  On-Site, Point of Contact Agency Information

     Agency                   : National Space Institute
                              : Technical University of Denmark
     Preferred Abbreviation   : DTU Space
     Mailing Address          : Elektrovej Building 328
                              : Denmark DK-2800 Kongens Lyngby
                              : Denmark
     Primary Contact
       Contact Name           : DTU Space GNSS Team
       Telephone (primary)    : +45 45 25 95 00
       Telephone (secondary)  : 
       Fax                    : 
       E-mail                 : dtuspace-gnss@space.dtu.dk
     Secondary Contact
       Contact Name           : 
       Telephone (primary)    : 
       Telephone (secondary)  : 
       Fax                    : 
       E-mail                 : 
     Additional Information   : (multiple lines)


12.  Responsible Agency (if different from 11.)

     Agency                   : Agency for Data Supply and Infrastructure
     Preferred Abbreviation   : SDFI
     Mailing Address          : Rentemestervej 8
                              : DK-2400 Copenhagen NV
                              : Denmark
     Primary Contact
       Contact Name           : SDFI GNSS Team
       Telephone (primary)    : 
       Telephone (secondary)  : 
       Fax                    : 
       E-mail                 : gnss@sdfi.dk
     Secondary Contact
       Contact Name           : 
       Telephone (primary)    : 
       Telephone (secondary)  : 
       Fax                    : 
       E-mail                 : 
     Additional Information   : (multiple lines)


13.  More Information

     Primary Data Center      : Agency for Data Supply and Infrastructure (SDFI)
     Secondary Data Center    : DTU Space
     URL for More Information : 
     Hardcopy on File
       Site Map               : (Y or URL)
       Site Diagram           : (Y)
       Horizon Mask           : (Y)
       Monument Description   : (Y)
       Site Pictures          : (Y)
     Additional Information   : (multiple lines)
     Antenna Graphics with Dimensions

LEIAR20

                        +-----+                           <--  0.1613
                      /         \
                     |           |
    +----------------+-----------+----------------+       <--  0.1113  TCR
    |                                             |
    |                                             |
    |                                             |
    |                                             |
  +-+---------------------------------------------+-+
  +------------------+-----------+------------------+     <--  0.0323  BCR
                     |           |
                     |           |
                     +----+ +----+                        <--  0.0013  BPA
                          +x+                             <--  0.0000  BAM=ARP
                                                                       NOM=NRP
  <--                    0.3200                   -->
